  Arcade.cpp
  Arcade_gui.cpp
  Arcade_mode_logo.cpp
  Bet.cpp
C:\Users\SAI DO MEU PC PEXTE\Desktop\GAME OF THE YEAR\GAME OF THE YEAR\Bet.cpp(30,12): warning C4244: 'argument': conversion from 'time_t' to 'unsigned int', possible loss of data
C:\Users\SAI DO MEU PC PEXTE\Desktop\GAME OF THE YEAR\GAME OF THE YEAR\Bet.cpp(559,36): warning C4244: '=': conversion from 'int' to 'float', possible loss of data
C:\Users\SAI DO MEU PC PEXTE\Desktop\GAME OF THE YEAR\GAME OF THE YEAR\Bet.cpp(560,25): warning C4244: '=': conversion from 'int' to 'float', possible loss of data
C:\Users\SAI DO MEU PC PEXTE\Desktop\GAME OF THE YEAR\GAME OF THE YEAR\Bet.cpp(568,36): warning C4244: '=': conversion from 'int' to 'float', possible loss of data
C:\Users\SAI DO MEU PC PEXTE\Desktop\GAME OF THE YEAR\GAME OF THE YEAR\Bet.cpp(569,25): warning C4244: '=': conversion from 'int' to 'float', possible loss of data
C:\Users\SAI DO MEU PC PEXTE\Desktop\GAME OF THE YEAR\GAME OF THE YEAR\Bet.cpp(580,23): warning C4244: '=': conversion from 'int' to 'float', possible loss of data
C:\Users\SAI DO MEU PC PEXTE\Desktop\GAME OF THE YEAR\GAME OF THE YEAR\Bet.cpp(582,29): warning C4244: '=': conversion from 'int' to 'float', possible loss of data
C:\Users\SAI DO MEU PC PEXTE\Desktop\GAME OF THE YEAR\GAME OF THE YEAR\Bet.cpp(588,23): warning C4244: '=': conversion from 'int' to 'float', possible loss of data
C:\Users\SAI DO MEU PC PEXTE\Desktop\GAME OF THE YEAR\GAME OF THE YEAR\Bet.cpp(590,29): warning C4244: '=': conversion from 'int' to 'float', possible loss of data
C:\Users\SAI DO MEU PC PEXTE\Desktop\GAME OF THE YEAR\GAME OF THE YEAR\Bet.cpp(600,23): warning C4244: '=': conversion from 'int' to 'float', possible loss of data
C:\Users\SAI DO MEU PC PEXTE\Desktop\GAME OF THE YEAR\GAME OF THE YEAR\Bet.cpp(602,29): warning C4244: '=': conversion from 'int' to 'float', possible loss of data
C:\Users\SAI DO MEU PC PEXTE\Desktop\GAME OF THE YEAR\GAME OF THE YEAR\Bet.cpp(608,23): warning C4244: '=': conversion from 'int' to 'float', possible loss of data
C:\Users\SAI DO MEU PC PEXTE\Desktop\GAME OF THE YEAR\GAME OF THE YEAR\Bet.cpp(610,29): warning C4244: '=': conversion from 'int' to 'float', possible loss of data
C:\Users\SAI DO MEU PC PEXTE\Desktop\GAME OF THE YEAR\GAME OF THE YEAR\Bet.cpp(754,81): warning C4244: 'argument': conversion from 'int' to 'float', possible loss of data
C:\Users\SAI DO MEU PC PEXTE\Desktop\GAME OF THE YEAR\GAME OF THE YEAR\Bet.cpp(754,71): warning C4244: 'argument': conversion from 'int' to 'float', possible loss of data
C:\Users\SAI DO MEU PC PEXTE\Desktop\GAME OF THE YEAR\GAME OF THE YEAR\Bet.cpp(754,62): warning C4244: 'argument': conversion from 'int' to 'float', possible loss of data
C:\Users\SAI DO MEU PC PEXTE\Desktop\GAME OF THE YEAR\GAME OF THE YEAR\Bet.cpp(754,53): warning C4244: 'argument': conversion from 'int' to 'float', possible loss of data
C:\Users\SAI DO MEU PC PEXTE\Desktop\GAME OF THE YEAR\GAME OF THE YEAR\Bet.cpp(759,81): warning C4244: 'argument': conversion from 'int' to 'float', possible loss of data
C:\Users\SAI DO MEU PC PEXTE\Desktop\GAME OF THE YEAR\GAME OF THE YEAR\Bet.cpp(759,71): warning C4244: 'argument': conversion from 'int' to 'float', possible loss of data
C:\Users\SAI DO MEU PC PEXTE\Desktop\GAME OF THE YEAR\GAME OF THE YEAR\Bet.cpp(759,62): warning C4244: 'argument': conversion from 'int' to 'float', possible loss of data
C:\Users\SAI DO MEU PC PEXTE\Desktop\GAME OF THE YEAR\GAME OF THE YEAR\Bet.cpp(759,53): warning C4244: 'argument': conversion from 'int' to 'float', possible loss of data
C:\Users\SAI DO MEU PC PEXTE\Desktop\GAME OF THE YEAR\GAME OF THE YEAR\Bet.cpp(764,81): warning C4244: 'argument': conversion from 'int' to 'float', possible loss of data
C:\Users\SAI DO MEU PC PEXTE\Desktop\GAME OF THE YEAR\GAME OF THE YEAR\Bet.cpp(764,71): warning C4244: 'argument': conversion from 'int' to 'float', possible loss of data
C:\Users\SAI DO MEU PC PEXTE\Desktop\GAME OF THE YEAR\GAME OF THE YEAR\Bet.cpp(764,62): warning C4244: 'argument': conversion from 'int' to 'float', possible loss of data
C:\Users\SAI DO MEU PC PEXTE\Desktop\GAME OF THE YEAR\GAME OF THE YEAR\Bet.cpp(764,53): warning C4244: 'argument': conversion from 'int' to 'float', possible loss of data
C:\Users\SAI DO MEU PC PEXTE\Desktop\GAME OF THE YEAR\GAME OF THE YEAR\Bet.cpp(769,81): warning C4244: 'argument': conversion from 'int' to 'float', possible loss of data
C:\Users\SAI DO MEU PC PEXTE\Desktop\GAME OF THE YEAR\GAME OF THE YEAR\Bet.cpp(769,71): warning C4244: 'argument': conversion from 'int' to 'float', possible loss of data
C:\Users\SAI DO MEU PC PEXTE\Desktop\GAME OF THE YEAR\GAME OF THE YEAR\Bet.cpp(769,62): warning C4244: 'argument': conversion from 'int' to 'float', possible loss of data
C:\Users\SAI DO MEU PC PEXTE\Desktop\GAME OF THE YEAR\GAME OF THE YEAR\Bet.cpp(769,53): warning C4244: 'argument': conversion from 'int' to 'float', possible loss of data
C:\Users\SAI DO MEU PC PEXTE\Desktop\GAME OF THE YEAR\GAME OF THE YEAR\Bet.cpp(774,81): warning C4244: 'argument': conversion from 'int' to 'float', possible loss of data
C:\Users\SAI DO MEU PC PEXTE\Desktop\GAME OF THE YEAR\GAME OF THE YEAR\Bet.cpp(774,71): warning C4244: 'argument': conversion from 'int' to 'float', possible loss of data
C:\Users\SAI DO MEU PC PEXTE\Desktop\GAME OF THE YEAR\GAME OF THE YEAR\Bet.cpp(774,62): warning C4244: 'argument': conversion from 'int' to 'float', possible loss of data
C:\Users\SAI DO MEU PC PEXTE\Desktop\GAME OF THE YEAR\GAME OF THE YEAR\Bet.cpp(774,53): warning C4244: 'argument': conversion from 'int' to 'float', possible loss of data
C:\Users\SAI DO MEU PC PEXTE\Desktop\GAME OF THE YEAR\GAME OF THE YEAR\Bet.cpp(779,81): warning C4244: 'argument': conversion from 'int' to 'float', possible loss of data
C:\Users\SAI DO MEU PC PEXTE\Desktop\GAME OF THE YEAR\GAME OF THE YEAR\Bet.cpp(779,71): warning C4244: 'argument': conversion from 'int' to 'float', possible loss of data
C:\Users\SAI DO MEU PC PEXTE\Desktop\GAME OF THE YEAR\GAME OF THE YEAR\Bet.cpp(779,62): warning C4244: 'argument': conversion from 'int' to 'float', possible loss of data
C:\Users\SAI DO MEU PC PEXTE\Desktop\GAME OF THE YEAR\GAME OF THE YEAR\Bet.cpp(779,53): warning C4244: 'argument': conversion from 'int' to 'float', possible loss of data
C:\Users\SAI DO MEU PC PEXTE\Desktop\GAME OF THE YEAR\GAME OF THE YEAR\Bet.cpp(787,81): warning C4244: 'argument': conversion from 'int' to 'float', possible loss of data
C:\Users\SAI DO MEU PC PEXTE\Desktop\GAME OF THE YEAR\GAME OF THE YEAR\Bet.cpp(787,71): warning C4244: 'argument': conversion from 'int' to 'float', possible loss of data
C:\Users\SAI DO MEU PC PEXTE\Desktop\GAME OF THE YEAR\GAME OF THE YEAR\Bet.cpp(787,62): warning C4244: 'argument': conversion from 'int' to 'float', possible loss of data
C:\Users\SAI DO MEU PC PEXTE\Desktop\GAME OF THE YEAR\GAME OF THE YEAR\Bet.cpp(787,53): warning C4244: 'argument': conversion from 'int' to 'float', possible loss of data
C:\Users\SAI DO MEU PC PEXTE\Desktop\GAME OF THE YEAR\GAME OF THE YEAR\Bet.cpp(792,81): warning C4244: 'argument': conversion from 'int' to 'float', possible loss of data
C:\Users\SAI DO MEU PC PEXTE\Desktop\GAME OF THE YEAR\GAME OF THE YEAR\Bet.cpp(792,71): warning C4244: 'argument': conversion from 'int' to 'float', possible loss of data
C:\Users\SAI DO MEU PC PEXTE\Desktop\GAME OF THE YEAR\GAME OF THE YEAR\Bet.cpp(792,62): warning C4244: 'argument': conversion from 'int' to 'float', possible loss of data
C:\Users\SAI DO MEU PC PEXTE\Desktop\GAME OF THE YEAR\GAME OF THE YEAR\Bet.cpp(792,53): warning C4244: 'argument': conversion from 'int' to 'float', possible loss of data
C:\Users\SAI DO MEU PC PEXTE\Desktop\GAME OF THE YEAR\GAME OF THE YEAR\Bet.cpp(797,81): warning C4244: 'argument': conversion from 'int' to 'float', possible loss of data
C:\Users\SAI DO MEU PC PEXTE\Desktop\GAME OF THE YEAR\GAME OF THE YEAR\Bet.cpp(797,71): warning C4244: 'argument': conversion from 'int' to 'float', possible loss of data
C:\Users\SAI DO MEU PC PEXTE\Desktop\GAME OF THE YEAR\GAME OF THE YEAR\Bet.cpp(797,62): warning C4244: 'argument': conversion from 'int' to 'float', possible loss of data
C:\Users\SAI DO MEU PC PEXTE\Desktop\GAME OF THE YEAR\GAME OF THE YEAR\Bet.cpp(797,53): warning C4244: 'argument': conversion from 'int' to 'float', possible loss of data
C:\Users\SAI DO MEU PC PEXTE\Desktop\GAME OF THE YEAR\GAME OF THE YEAR\Bet.cpp(802,81): warning C4244: 'argument': conversion from 'int' to 'float', possible loss of data
C:\Users\SAI DO MEU PC PEXTE\Desktop\GAME OF THE YEAR\GAME OF THE YEAR\Bet.cpp(802,71): warning C4244: 'argument': conversion from 'int' to 'float', possible loss of data
C:\Users\SAI DO MEU PC PEXTE\Desktop\GAME OF THE YEAR\GAME OF THE YEAR\Bet.cpp(802,62): warning C4244: 'argument': conversion from 'int' to 'float', possible loss of data
C:\Users\SAI DO MEU PC PEXTE\Desktop\GAME OF THE YEAR\GAME OF THE YEAR\Bet.cpp(802,53): warning C4244: 'argument': conversion from 'int' to 'float', possible loss of data
C:\Users\SAI DO MEU PC PEXTE\Desktop\GAME OF THE YEAR\GAME OF THE YEAR\Bet.cpp(807,81): warning C4244: 'argument': conversion from 'int' to 'float', possible loss of data
C:\Users\SAI DO MEU PC PEXTE\Desktop\GAME OF THE YEAR\GAME OF THE YEAR\Bet.cpp(807,71): warning C4244: 'argument': conversion from 'int' to 'float', possible loss of data
C:\Users\SAI DO MEU PC PEXTE\Desktop\GAME OF THE YEAR\GAME OF THE YEAR\Bet.cpp(807,62): warning C4244: 'argument': conversion from 'int' to 'float', possible loss of data
C:\Users\SAI DO MEU PC PEXTE\Desktop\GAME OF THE YEAR\GAME OF THE YEAR\Bet.cpp(807,53): warning C4244: 'argument': conversion from 'int' to 'float', possible loss of data
C:\Users\SAI DO MEU PC PEXTE\Desktop\GAME OF THE YEAR\GAME OF THE YEAR\Bet.cpp(812,81): warning C4244: 'argument': conversion from 'int' to 'float', possible loss of data
C:\Users\SAI DO MEU PC PEXTE\Desktop\GAME OF THE YEAR\GAME OF THE YEAR\Bet.cpp(812,71): warning C4244: 'argument': conversion from 'int' to 'float', possible loss of data
C:\Users\SAI DO MEU PC PEXTE\Desktop\GAME OF THE YEAR\GAME OF THE YEAR\Bet.cpp(812,62): warning C4244: 'argument': conversion from 'int' to 'float', possible loss of data
C:\Users\SAI DO MEU PC PEXTE\Desktop\GAME OF THE YEAR\GAME OF THE YEAR\Bet.cpp(812,53): warning C4244: 'argument': conversion from 'int' to 'float', possible loss of data
C:\Users\SAI DO MEU PC PEXTE\Desktop\GAME OF THE YEAR\GAME OF THE YEAR\Bet.cpp(819,81): warning C4244: 'argument': conversion from 'int' to 'float', possible loss of data
C:\Users\SAI DO MEU PC PEXTE\Desktop\GAME OF THE YEAR\GAME OF THE YEAR\Bet.cpp(819,71): warning C4244: 'argument': conversion from 'int' to 'float', possible loss of data
C:\Users\SAI DO MEU PC PEXTE\Desktop\GAME OF THE YEAR\GAME OF THE YEAR\Bet.cpp(819,62): warning C4244: 'argument': conversion from 'int' to 'float', possible loss of data
C:\Users\SAI DO MEU PC PEXTE\Desktop\GAME OF THE YEAR\GAME OF THE YEAR\Bet.cpp(819,53): warning C4244: 'argument': conversion from 'int' to 'float', possible loss of data
C:\Users\SAI DO MEU PC PEXTE\Desktop\GAME OF THE YEAR\GAME OF THE YEAR\Bet.cpp(824,81): warning C4244: 'argument': conversion from 'int' to 'float', possible loss of data
C:\Users\SAI DO MEU PC PEXTE\Desktop\GAME OF THE YEAR\GAME OF THE YEAR\Bet.cpp(824,71): warning C4244: 'argument': conversion from 'int' to 'float', possible loss of data
C:\Users\SAI DO MEU PC PEXTE\Desktop\GAME OF THE YEAR\GAME OF THE YEAR\Bet.cpp(824,62): warning C4244: 'argument': conversion from 'int' to 'float', possible loss of data
C:\Users\SAI DO MEU PC PEXTE\Desktop\GAME OF THE YEAR\GAME OF THE YEAR\Bet.cpp(824,53): warning C4244: 'argument': conversion from 'int' to 'float', possible loss of data
C:\Users\SAI DO MEU PC PEXTE\Desktop\GAME OF THE YEAR\GAME OF THE YEAR\Bet.cpp(829,81): warning C4244: 'argument': conversion from 'int' to 'float', possible loss of data
C:\Users\SAI DO MEU PC PEXTE\Desktop\GAME OF THE YEAR\GAME OF THE YEAR\Bet.cpp(829,71): warning C4244: 'argument': conversion from 'int' to 'float', possible loss of data
C:\Users\SAI DO MEU PC PEXTE\Desktop\GAME OF THE YEAR\GAME OF THE YEAR\Bet.cpp(829,62): warning C4244: 'argument': conversion from 'int' to 'float', possible loss of data
C:\Users\SAI DO MEU PC PEXTE\Desktop\GAME OF THE YEAR\GAME OF THE YEAR\Bet.cpp(829,53): warning C4244: 'argument': conversion from 'int' to 'float', possible loss of data
C:\Users\SAI DO MEU PC PEXTE\Desktop\GAME OF THE YEAR\GAME OF THE YEAR\Bet.cpp(834,81): warning C4244: 'argument': conversion from 'int' to 'float', possible loss of data
C:\Users\SAI DO MEU PC PEXTE\Desktop\GAME OF THE YEAR\GAME OF THE YEAR\Bet.cpp(834,71): warning C4244: 'argument': conversion from 'int' to 'float', possible loss of data
C:\Users\SAI DO MEU PC PEXTE\Desktop\GAME OF THE YEAR\GAME OF THE YEAR\Bet.cpp(834,62): warning C4244: 'argument': conversion from 'int' to 'float', possible loss of data
C:\Users\SAI DO MEU PC PEXTE\Desktop\GAME OF THE YEAR\GAME OF THE YEAR\Bet.cpp(834,53): warning C4244: 'argument': conversion from 'int' to 'float', possible loss of data
C:\Users\SAI DO MEU PC PEXTE\Desktop\GAME OF THE YEAR\GAME OF THE YEAR\Bet.cpp(839,81): warning C4244: 'argument': conversion from 'int' to 'float', possible loss of data
C:\Users\SAI DO MEU PC PEXTE\Desktop\GAME OF THE YEAR\GAME OF THE YEAR\Bet.cpp(839,71): warning C4244: 'argument': conversion from 'int' to 'float', possible loss of data
C:\Users\SAI DO MEU PC PEXTE\Desktop\GAME OF THE YEAR\GAME OF THE YEAR\Bet.cpp(839,62): warning C4244: 'argument': conversion from 'int' to 'float', possible loss of data
C:\Users\SAI DO MEU PC PEXTE\Desktop\GAME OF THE YEAR\GAME OF THE YEAR\Bet.cpp(839,53): warning C4244: 'argument': conversion from 'int' to 'float', possible loss of data
C:\Users\SAI DO MEU PC PEXTE\Desktop\GAME OF THE YEAR\GAME OF THE YEAR\Bet.cpp(844,81): warning C4244: 'argument': conversion from 'int' to 'float', possible loss of data
C:\Users\SAI DO MEU PC PEXTE\Desktop\GAME OF THE YEAR\GAME OF THE YEAR\Bet.cpp(844,71): warning C4244: 'argument': conversion from 'int' to 'float', possible loss of data
C:\Users\SAI DO MEU PC PEXTE\Desktop\GAME OF THE YEAR\GAME OF THE YEAR\Bet.cpp(844,62): warning C4244: 'argument': conversion from 'int' to 'float', possible loss of data
C:\Users\SAI DO MEU PC PEXTE\Desktop\GAME OF THE YEAR\GAME OF THE YEAR\Bet.cpp(844,53): warning C4244: 'argument': conversion from 'int' to 'float', possible loss of data
C:\Users\SAI DO MEU PC PEXTE\Desktop\GAME OF THE YEAR\GAME OF THE YEAR\Bet.cpp(851,81): warning C4244: 'argument': conversion from 'int' to 'float', possible loss of data
C:\Users\SAI DO MEU PC PEXTE\Desktop\GAME OF THE YEAR\GAME OF THE YEAR\Bet.cpp(851,71): warning C4244: 'argument': conversion from 'int' to 'float', possible loss of data
C:\Users\SAI DO MEU PC PEXTE\Desktop\GAME OF THE YEAR\GAME OF THE YEAR\Bet.cpp(851,62): warning C4244: 'argument': conversion from 'int' to 'float', possible loss of data
C:\Users\SAI DO MEU PC PEXTE\Desktop\GAME OF THE YEAR\GAME OF THE YEAR\Bet.cpp(851,53): warning C4244: 'argument': conversion from 'int' to 'float', possible loss of data
C:\Users\SAI DO MEU PC PEXTE\Desktop\GAME OF THE YEAR\GAME OF THE YEAR\Bet.cpp(856,81): warning C4244: 'argument': conversion from 'int' to 'float', possible loss of data
C:\Users\SAI DO MEU PC PEXTE\Desktop\GAME OF THE YEAR\GAME OF THE YEAR\Bet.cpp(856,71): warning C4244: 'argument': conversion from 'int' to 'float', possible loss of data
C:\Users\SAI DO MEU PC PEXTE\Desktop\GAME OF THE YEAR\GAME OF THE YEAR\Bet.cpp(856,62): warning C4244: 'argument': conversion from 'int' to 'float', possible loss of data
C:\Users\SAI DO MEU PC PEXTE\Desktop\GAME OF THE YEAR\GAME OF THE YEAR\Bet.cpp(856,53): warning C4244: 'argument': conversion from 'int' to 'float', possible loss of data
C:\Users\SAI DO MEU PC PEXTE\Desktop\GAME OF THE YEAR\GAME OF THE YEAR\Bet.cpp(861,81): warning C4244: 'argument': conversion from 'int' to 'float', possible loss of data
C:\Users\SAI DO MEU PC PEXTE\Desktop\GAME OF THE YEAR\GAME OF THE YEAR\Bet.cpp(861,71): warning C4244: 'argument': conversion from 'int' to 'float', possible loss of data
C:\Users\SAI DO MEU PC PEXTE\Desktop\GAME OF THE YEAR\GAME OF THE YEAR\Bet.cpp(861,62): warning C4244: 'argument': conversion from 'int' to 'float', possible loss of data
C:\Users\SAI DO MEU PC PEXTE\Desktop\GAME OF THE YEAR\GAME OF THE YEAR\Bet.cpp(861,53): warning C4244: 'argument': conversion from 'int' to 'float', possible loss of data
C:\Users\SAI DO MEU PC PEXTE\Desktop\GAME OF THE YEAR\GAME OF THE YEAR\Bet.cpp(866,81): warning C4244: 'argument': conversion from 'int' to 'float', possible loss of data
C:\Users\SAI DO MEU PC PEXTE\Desktop\GAME OF THE YEAR\GAME OF THE YEAR\Bet.cpp(866,71): warning C4244: 'argument': conversion from 'int' to 'float', possible loss of data
C:\Users\SAI DO MEU PC PEXTE\Desktop\GAME OF THE YEAR\GAME OF THE YEAR\Bet.cpp(866,62): warning C4244: 'argument': conversion from 'int' to 'float', possible loss of data
C:\Users\SAI DO MEU PC PEXTE\Desktop\GAME OF THE YEAR\GAME OF THE YEAR\Bet.cpp(866,53): warning C4244: 'argument': conversion from 'int' to 'float', possible loss of data
C:\Users\SAI DO MEU PC PEXTE\Desktop\GAME OF THE YEAR\GAME OF THE YEAR\Bet.cpp(871,81): warning C4244: 'argument': conversion from 'int' to 'float', possible loss of data
C:\Users\SAI DO MEU PC PEXTE\Desktop\GAME OF THE YEAR\GAME OF THE YEAR\Bet.cpp(871,71): warning C4244: 'argument': conversion from 'int' to 'float', possible loss of data
C:\Users\SAI DO MEU PC PEXTE\Desktop\GAME OF THE YEAR\GAME OF THE YEAR\Bet.cpp(871,62): warning C4244: 'argument': conversion from 'int' to 'float', possible loss of data
C:\Users\SAI DO MEU PC PEXTE\Desktop\GAME OF THE YEAR\GAME OF THE YEAR\Bet.cpp(871,53): warning C4244: 'argument': conversion from 'int' to 'float', possible loss of data
C:\Users\SAI DO MEU PC PEXTE\Desktop\GAME OF THE YEAR\GAME OF THE YEAR\Bet.cpp(876,81): warning C4244: 'argument': conversion from 'int' to 'float', possible loss of data
C:\Users\SAI DO MEU PC PEXTE\Desktop\GAME OF THE YEAR\GAME OF THE YEAR\Bet.cpp(876,71): warning C4244: 'argument': conversion from 'int' to 'float', possible loss of data
C:\Users\SAI DO MEU PC PEXTE\Desktop\GAME OF THE YEAR\GAME OF THE YEAR\Bet.cpp(876,62): warning C4244: 'argument': conversion from 'int' to 'float', possible loss of data
C:\Users\SAI DO MEU PC PEXTE\Desktop\GAME OF THE YEAR\GAME OF THE YEAR\Bet.cpp(876,53): warning C4244: 'argument': conversion from 'int' to 'float', possible loss of data
  Big_picture_fighter_selection.cpp
  credits.cpp
C:\Users\SAI DO MEU PC PEXTE\Desktop\GAME OF THE YEAR\GAME OF THE YEAR\credits.cpp(40,75): warning C4244: 'argument': conversion from 'int' to 'float', possible loss of data
C:\Users\SAI DO MEU PC PEXTE\Desktop\GAME OF THE YEAR\GAME OF THE YEAR\credits.cpp(40,63): warning C4244: 'argument': conversion from 'int' to 'float', possible loss of data
C:\Users\SAI DO MEU PC PEXTE\Desktop\GAME OF THE YEAR\GAME OF THE YEAR\credits.cpp(41,75): warning C4244: 'argument': conversion from 'int' to 'float', possible loss of data
C:\Users\SAI DO MEU PC PEXTE\Desktop\GAME OF THE YEAR\GAME OF THE YEAR\credits.cpp(41,63): warning C4244: 'argument': conversion from 'int' to 'float', possible loss of data
C:\Users\SAI DO MEU PC PEXTE\Desktop\GAME OF THE YEAR\GAME OF THE YEAR\credits.cpp(42,74): warning C4244: 'argument': conversion from 'int' to 'float', possible loss of data
C:\Users\SAI DO MEU PC PEXTE\Desktop\GAME OF THE YEAR\GAME OF THE YEAR\credits.cpp(42,63): warning C4244: 'argument': conversion from 'int' to 'float', possible loss of data
  Figher_selection.cpp
  Fighters.cpp
C:\Users\SAI DO MEU PC PEXTE\Desktop\GAME OF THE YEAR\GAME OF THE YEAR\Fighters.cpp(23,12): warning C4244: 'argument': conversion from 'time_t' to 'unsigned int', possible loss of data
  gamecontroller.cpp
  gamelevel.cpp
  Gamemenu.cpp
C:\Users\SAI DO MEU PC PEXTE\Desktop\GAME OF THE YEAR\GAME OF THE YEAR\Gamemenu.cpp(161,56): warning C4244: 'argument': conversion from 'double' to 'float', possible loss of data
  Graphics.cpp
C:\Users\SAI DO MEU PC PEXTE\Desktop\GAME OF THE YEAR\GAME OF THE YEAR\Graphics.cpp(137,56): warning C4244: 'argument': conversion from 'int' to 'FLOAT', possible loss of data
  history.cpp
C:\Users\SAI DO MEU PC PEXTE\Desktop\GAME OF THE YEAR\GAME OF THE YEAR\history.cpp(188,13): warning C4553: '==': result of expression not used; did you intend '='?
C:\Users\SAI DO MEU PC PEXTE\Desktop\GAME OF THE YEAR\GAME OF THE YEAR\history.cpp(192,38): warning C4267: '=': conversion from 'size_t' to 'int', possible loss of data
  historylvl2.cpp
C:\Users\SAI DO MEU PC PEXTE\Desktop\GAME OF THE YEAR\GAME OF THE YEAR\historylvl2.cpp(776,64): warning C4244: 'argument': conversion from 'int' to 'float', possible loss of data
C:\Users\SAI DO MEU PC PEXTE\Desktop\GAME OF THE YEAR\GAME OF THE YEAR\historylvl2.cpp(777,64): warning C4244: 'argument': conversion from 'int' to 'float', possible loss of data
C:\Users\SAI DO MEU PC PEXTE\Desktop\GAME OF THE YEAR\GAME OF THE YEAR\historylvl2.cpp(778,64): warning C4244: 'argument': conversion from 'int' to 'float', possible loss of data
C:\Users\SAI DO MEU PC PEXTE\Desktop\GAME OF THE YEAR\GAME OF THE YEAR\historylvl2.cpp(781,106): warning C4244: 'argument': conversion from 'int' to 'float', possible loss of data
C:\Users\SAI DO MEU PC PEXTE\Desktop\GAME OF THE YEAR\GAME OF THE YEAR\historylvl2.cpp(782,94): warning C4244: 'argument': conversion from 'int' to 'float', possible loss of data
C:\Users\SAI DO MEU PC PEXTE\Desktop\GAME OF THE YEAR\GAME OF THE YEAR\historylvl2.cpp(835,52): warning C4244: 'argument': conversion from 'int' to 'float', possible loss of data
C:\Users\SAI DO MEU PC PEXTE\Desktop\GAME OF THE YEAR\GAME OF THE YEAR\historylvl2.cpp(835,29): warning C4244: 'argument': conversion from 'int' to 'float', possible loss of data
C:\Users\SAI DO MEU PC PEXTE\Desktop\GAME OF THE YEAR\GAME OF THE YEAR\historylvl2.cpp(836,52): warning C4244: 'argument': conversion from 'int' to 'float', possible loss of data
C:\Users\SAI DO MEU PC PEXTE\Desktop\GAME OF THE YEAR\GAME OF THE YEAR\historylvl2.cpp(836,29): warning C4244: 'argument': conversion from 'int' to 'float', possible loss of data
C:\Users\SAI DO MEU PC PEXTE\Desktop\GAME OF THE YEAR\GAME OF THE YEAR\historylvl2.cpp(837,44): warning C4244: 'argument': conversion from 'int' to 'float', possible loss of data
C:\Users\SAI DO MEU PC PEXTE\Desktop\GAME OF THE YEAR\GAME OF THE YEAR\historylvl2.cpp(837,26): warning C4244: 'argument': conversion from 'int' to 'float', possible loss of data
C:\Users\SAI DO MEU PC PEXTE\Desktop\GAME OF THE YEAR\GAME OF THE YEAR\historylvl2.cpp(838,44): warning C4244: 'argument': conversion from 'int' to 'float', possible loss of data
C:\Users\SAI DO MEU PC PEXTE\Desktop\GAME OF THE YEAR\GAME OF THE YEAR\historylvl2.cpp(838,26): warning C4244: 'argument': conversion from 'int' to 'float', possible loss of data
C:\Users\SAI DO MEU PC PEXTE\Desktop\GAME OF THE YEAR\GAME OF THE YEAR\historylvl2.cpp(839,44): warning C4244: 'argument': conversion from 'int' to 'float', possible loss of data
C:\Users\SAI DO MEU PC PEXTE\Desktop\GAME OF THE YEAR\GAME OF THE YEAR\historylvl2.cpp(839,26): warning C4244: 'argument': conversion from 'int' to 'float', possible loss of data
C:\Users\SAI DO MEU PC PEXTE\Desktop\GAME OF THE YEAR\GAME OF THE YEAR\historylvl2.cpp(840,51): warning C4244: 'argument': conversion from 'int' to 'float', possible loss of data
C:\Users\SAI DO MEU PC PEXTE\Desktop\GAME OF THE YEAR\GAME OF THE YEAR\historylvl2.cpp(840,30): warning C4244: 'argument': conversion from 'int' to 'float', possible loss of data
C:\Users\SAI DO MEU PC PEXTE\Desktop\GAME OF THE YEAR\GAME OF THE YEAR\historylvl2.cpp(852,45): warning C4244: 'argument': conversion from 'int' to 'float', possible loss of data
C:\Users\SAI DO MEU PC PEXTE\Desktop\GAME OF THE YEAR\GAME OF THE YEAR\historylvl2.cpp(852,25): warning C4244: 'argument': conversion from 'int' to 'float', possible loss of data
C:\Users\SAI DO MEU PC PEXTE\Desktop\GAME OF THE YEAR\GAME OF THE YEAR\historylvl2.cpp(853,56): warning C4244: 'argument': conversion from 'int' to 'float', possible loss of data
C:\Users\SAI DO MEU PC PEXTE\Desktop\GAME OF THE YEAR\GAME OF THE YEAR\historylvl2.cpp(853,34): warning C4244: 'argument': conversion from 'int' to 'float', possible loss of data
C:\Users\SAI DO MEU PC PEXTE\Desktop\GAME OF THE YEAR\GAME OF THE YEAR\historylvl2.cpp(854,57): warning C4244: 'argument': conversion from 'int' to 'float', possible loss of data
C:\Users\SAI DO MEU PC PEXTE\Desktop\GAME OF THE YEAR\GAME OF THE YEAR\historylvl2.cpp(854,37): warning C4244: 'argument': conversion from 'int' to 'float', possible loss of data
C:\Users\SAI DO MEU PC PEXTE\Desktop\GAME OF THE YEAR\GAME OF THE YEAR\historylvl2.cpp(855,88): warning C4244: 'argument': conversion from 'int' to 'float', possible loss of data
C:\Users\SAI DO MEU PC PEXTE\Desktop\GAME OF THE YEAR\GAME OF THE YEAR\historylvl2.cpp(855,55): warning C4244: 'argument': conversion from 'int' to 'float', possible loss of data
C:\Users\SAI DO MEU PC PEXTE\Desktop\GAME OF THE YEAR\GAME OF THE YEAR\historylvl2.cpp(856,50): warning C4244: 'argument': conversion from 'int' to 'float', possible loss of data
C:\Users\SAI DO MEU PC PEXTE\Desktop\GAME OF THE YEAR\GAME OF THE YEAR\historylvl2.cpp(856,29): warning C4244: 'argument': conversion from 'int' to 'float', possible loss of data
C:\Users\SAI DO MEU PC PEXTE\Desktop\GAME OF THE YEAR\GAME OF THE YEAR\historylvl2.cpp(857,56): warning C4244: 'argument': conversion from 'int' to 'float', possible loss of data
C:\Users\SAI DO MEU PC PEXTE\Desktop\GAME OF THE YEAR\GAME OF THE YEAR\historylvl2.cpp(857,33): warning C4244: 'argument': conversion from 'int' to 'float', possible loss of data
C:\Users\SAI DO MEU PC PEXTE\Desktop\GAME OF THE YEAR\GAME OF THE YEAR\historylvl2.cpp(879,64): warning C4244: 'argument': conversion from 'int' to 'float', possible loss of data
C:\Users\SAI DO MEU PC PEXTE\Desktop\GAME OF THE YEAR\GAME OF THE YEAR\historylvl2.cpp(880,64): warning C4244: 'argument': conversion from 'int' to 'float', possible loss of data
C:\Users\SAI DO MEU PC PEXTE\Desktop\GAME OF THE YEAR\GAME OF THE YEAR\historylvl2.cpp(881,64): warning C4244: 'argument': conversion from 'int' to 'float', possible loss of data
C:\Users\SAI DO MEU PC PEXTE\Desktop\GAME OF THE YEAR\GAME OF THE YEAR\historylvl2.cpp(884,120): warning C4244: 'argument': conversion from 'int' to 'float', possible loss of data
C:\Users\SAI DO MEU PC PEXTE\Desktop\GAME OF THE YEAR\GAME OF THE YEAR\historylvl2.cpp(885,108): warning C4244: 'argument': conversion from 'int' to 'float', possible loss of data
C:\Users\SAI DO MEU PC PEXTE\Desktop\GAME OF THE YEAR\GAME OF THE YEAR\historylvl2.cpp(887,80): warning C4244: 'argument': conversion from 'int' to 'float', possible loss of data
C:\Users\SAI DO MEU PC PEXTE\Desktop\GAME OF THE YEAR\GAME OF THE YEAR\historylvl2.cpp(888,80): warning C4244: 'argument': conversion from 'int' to 'float', possible loss of data
C:\Users\SAI DO MEU PC PEXTE\Desktop\GAME OF THE YEAR\GAME OF THE YEAR\historylvl2.cpp(889,80): warning C4244: 'argument': conversion from 'int' to 'float', possible loss of data
C:\Users\SAI DO MEU PC PEXTE\Desktop\GAME OF THE YEAR\GAME OF THE YEAR\historylvl2.cpp(890,80): warning C4244: 'argument': conversion from 'int' to 'float', possible loss of data
C:\Users\SAI DO MEU PC PEXTE\Desktop\GAME OF THE YEAR\GAME OF THE YEAR\historylvl2.cpp(891,80): warning C4244: 'argument': conversion from 'int' to 'float', possible loss of data
C:\Users\SAI DO MEU PC PEXTE\Desktop\GAME OF THE YEAR\GAME OF THE YEAR\historylvl2.cpp(892,80): warning C4244: 'argument': conversion from 'int' to 'float', possible loss of data
C:\Users\SAI DO MEU PC PEXTE\Desktop\GAME OF THE YEAR\GAME OF THE YEAR\historylvl2.cpp(893,80): warning C4244: 'argument': conversion from 'int' to 'float', possible loss of data
C:\Users\SAI DO MEU PC PEXTE\Desktop\GAME OF THE YEAR\GAME OF THE YEAR\historylvl2.cpp(894,80): warning C4244: 'argument': conversion from 'int' to 'float', possible loss of data
C:\Users\SAI DO MEU PC PEXTE\Desktop\GAME OF THE YEAR\GAME OF THE YEAR\historylvl2.cpp(895,80): warning C4244: 'argument': conversion from 'int' to 'float', possible loss of data
C:\Users\SAI DO MEU PC PEXTE\Desktop\GAME OF THE YEAR\GAME OF THE YEAR\historylvl2.cpp(896,81): warning C4244: 'argument': conversion from 'int' to 'float', possible loss of data
C:\Users\SAI DO MEU PC PEXTE\Desktop\GAME OF THE YEAR\GAME OF THE YEAR\historylvl2.cpp(897,82): warning C4244: 'argument': conversion from 'int' to 'float', possible loss of data
C:\Users\SAI DO MEU PC PEXTE\Desktop\GAME OF THE YEAR\GAME OF THE YEAR\historylvl2.cpp(908,45): warning C4244: 'argument': conversion from 'int' to 'float', possible loss of data
C:\Users\SAI DO MEU PC PEXTE\Desktop\GAME OF THE YEAR\GAME OF THE YEAR\historylvl2.cpp(908,25): warning C4244: 'argument': conversion from 'int' to 'float', possible loss of data
C:\Users\SAI DO MEU PC PEXTE\Desktop\GAME OF THE YEAR\GAME OF THE YEAR\historylvl2.cpp(909,56): warning C4244: 'argument': conversion from 'int' to 'float', possible loss of data
C:\Users\SAI DO MEU PC PEXTE\Desktop\GAME OF THE YEAR\GAME OF THE YEAR\historylvl2.cpp(909,34): warning C4244: 'argument': conversion from 'int' to 'float', possible loss of data
C:\Users\SAI DO MEU PC PEXTE\Desktop\GAME OF THE YEAR\GAME OF THE YEAR\historylvl2.cpp(910,76): warning C4244: 'argument': conversion from 'int' to 'float', possible loss of data
C:\Users\SAI DO MEU PC PEXTE\Desktop\GAME OF THE YEAR\GAME OF THE YEAR\historylvl2.cpp(910,56): warning C4244: 'argument': conversion from 'int' to 'float', possible loss of data
C:\Users\SAI DO MEU PC PEXTE\Desktop\GAME OF THE YEAR\GAME OF THE YEAR\historylvl2.cpp(911,88): warning C4244: 'argument': conversion from 'int' to 'float', possible loss of data
C:\Users\SAI DO MEU PC PEXTE\Desktop\GAME OF THE YEAR\GAME OF THE YEAR\historylvl2.cpp(911,55): warning C4244: 'argument': conversion from 'int' to 'float', possible loss of data
C:\Users\SAI DO MEU PC PEXTE\Desktop\GAME OF THE YEAR\GAME OF THE YEAR\historylvl2.cpp(912,50): warning C4244: 'argument': conversion from 'int' to 'float', possible loss of data
C:\Users\SAI DO MEU PC PEXTE\Desktop\GAME OF THE YEAR\GAME OF THE YEAR\historylvl2.cpp(912,29): warning C4244: 'argument': conversion from 'int' to 'float', possible loss of data
C:\Users\SAI DO MEU PC PEXTE\Desktop\GAME OF THE YEAR\GAME OF THE YEAR\historylvl2.cpp(913,56): warning C4244: 'argument': conversion from 'int' to 'float', possible loss of data
C:\Users\SAI DO MEU PC PEXTE\Desktop\GAME OF THE YEAR\GAME OF THE YEAR\historylvl2.cpp(913,33): warning C4244: 'argument': conversion from 'int' to 'float', possible loss of data
C:\Users\SAI DO MEU PC PEXTE\Desktop\GAME OF THE YEAR\GAME OF THE YEAR\historylvl2.cpp(940,64): warning C4244: 'argument': conversion from 'int' to 'float', possible loss of data
C:\Users\SAI DO MEU PC PEXTE\Desktop\GAME OF THE YEAR\GAME OF THE YEAR\historylvl2.cpp(941,64): warning C4244: 'argument': conversion from 'int' to 'float', possible loss of data
C:\Users\SAI DO MEU PC PEXTE\Desktop\GAME OF THE YEAR\GAME OF THE YEAR\historylvl2.cpp(942,64): warning C4244: 'argument': conversion from 'int' to 'float', possible loss of data
C:\Users\SAI DO MEU PC PEXTE\Desktop\GAME OF THE YEAR\GAME OF THE YEAR\historylvl2.cpp(945,106): warning C4244: 'argument': conversion from 'int' to 'float', possible loss of data
C:\Users\SAI DO MEU PC PEXTE\Desktop\GAME OF THE YEAR\GAME OF THE YEAR\historylvl2.cpp(946,94): warning C4244: 'argument': conversion from 'int' to 'float', possible loss of data
C:\Users\SAI DO MEU PC PEXTE\Desktop\GAME OF THE YEAR\GAME OF THE YEAR\historylvl2.cpp(1011,52): warning C4244: 'argument': conversion from 'int' to 'float', possible loss of data
C:\Users\SAI DO MEU PC PEXTE\Desktop\GAME OF THE YEAR\GAME OF THE YEAR\historylvl2.cpp(1011,29): warning C4244: 'argument': conversion from 'int' to 'float', possible loss of data
C:\Users\SAI DO MEU PC PEXTE\Desktop\GAME OF THE YEAR\GAME OF THE YEAR\historylvl2.cpp(1012,52): warning C4244: 'argument': conversion from 'int' to 'float', possible loss of data
C:\Users\SAI DO MEU PC PEXTE\Desktop\GAME OF THE YEAR\GAME OF THE YEAR\historylvl2.cpp(1012,29): warning C4244: 'argument': conversion from 'int' to 'float', possible loss of data
C:\Users\SAI DO MEU PC PEXTE\Desktop\GAME OF THE YEAR\GAME OF THE YEAR\historylvl2.cpp(1013,44): warning C4244: 'argument': conversion from 'int' to 'float', possible loss of data
C:\Users\SAI DO MEU PC PEXTE\Desktop\GAME OF THE YEAR\GAME OF THE YEAR\historylvl2.cpp(1013,26): warning C4244: 'argument': conversion from 'int' to 'float', possible loss of data
C:\Users\SAI DO MEU PC PEXTE\Desktop\GAME OF THE YEAR\GAME OF THE YEAR\historylvl2.cpp(1014,44): warning C4244: 'argument': conversion from 'int' to 'float', possible loss of data
C:\Users\SAI DO MEU PC PEXTE\Desktop\GAME OF THE YEAR\GAME OF THE YEAR\historylvl2.cpp(1014,26): warning C4244: 'argument': conversion from 'int' to 'float', possible loss of data
C:\Users\SAI DO MEU PC PEXTE\Desktop\GAME OF THE YEAR\GAME OF THE YEAR\historylvl2.cpp(1015,44): warning C4244: 'argument': conversion from 'int' to 'float', possible loss of data
C:\Users\SAI DO MEU PC PEXTE\Desktop\GAME OF THE YEAR\GAME OF THE YEAR\historylvl2.cpp(1015,26): warning C4244: 'argument': conversion from 'int' to 'float', possible loss of data
C:\Users\SAI DO MEU PC PEXTE\Desktop\GAME OF THE YEAR\GAME OF THE YEAR\historylvl2.cpp(1016,51): warning C4244: 'argument': conversion from 'int' to 'float', possible loss of data
C:\Users\SAI DO MEU PC PEXTE\Desktop\GAME OF THE YEAR\GAME OF THE YEAR\historylvl2.cpp(1016,30): warning C4244: 'argument': conversion from 'int' to 'float', possible loss of data
C:\Users\SAI DO MEU PC PEXTE\Desktop\GAME OF THE YEAR\GAME OF THE YEAR\historylvl2.cpp(1028,45): warning C4244: 'argument': conversion from 'int' to 'float', possible loss of data
C:\Users\SAI DO MEU PC PEXTE\Desktop\GAME OF THE YEAR\GAME OF THE YEAR\historylvl2.cpp(1028,25): warning C4244: 'argument': conversion from 'int' to 'float', possible loss of data
C:\Users\SAI DO MEU PC PEXTE\Desktop\GAME OF THE YEAR\GAME OF THE YEAR\historylvl2.cpp(1029,56): warning C4244: 'argument': conversion from 'int' to 'float', possible loss of data
C:\Users\SAI DO MEU PC PEXTE\Desktop\GAME OF THE YEAR\GAME OF THE YEAR\historylvl2.cpp(1029,34): warning C4244: 'argument': conversion from 'int' to 'float', possible loss of data
C:\Users\SAI DO MEU PC PEXTE\Desktop\GAME OF THE YEAR\GAME OF THE YEAR\historylvl2.cpp(1030,57): warning C4244: 'argument': conversion from 'int' to 'float', possible loss of data
C:\Users\SAI DO MEU PC PEXTE\Desktop\GAME OF THE YEAR\GAME OF THE YEAR\historylvl2.cpp(1030,37): warning C4244: 'argument': conversion from 'int' to 'float', possible loss of data
C:\Users\SAI DO MEU PC PEXTE\Desktop\GAME OF THE YEAR\GAME OF THE YEAR\historylvl2.cpp(1031,88): warning C4244: 'argument': conversion from 'int' to 'float', possible loss of data
C:\Users\SAI DO MEU PC PEXTE\Desktop\GAME OF THE YEAR\GAME OF THE YEAR\historylvl2.cpp(1031,55): warning C4244: 'argument': conversion from 'int' to 'float', possible loss of data
C:\Users\SAI DO MEU PC PEXTE\Desktop\GAME OF THE YEAR\GAME OF THE YEAR\historylvl2.cpp(1032,50): warning C4244: 'argument': conversion from 'int' to 'float', possible loss of data
C:\Users\SAI DO MEU PC PEXTE\Desktop\GAME OF THE YEAR\GAME OF THE YEAR\historylvl2.cpp(1032,29): warning C4244: 'argument': conversion from 'int' to 'float', possible loss of data
C:\Users\SAI DO MEU PC PEXTE\Desktop\GAME OF THE YEAR\GAME OF THE YEAR\historylvl2.cpp(1033,57): warning C4244: 'argument': conversion from 'int' to 'float', possible loss of data
C:\Users\SAI DO MEU PC PEXTE\Desktop\GAME OF THE YEAR\GAME OF THE YEAR\historylvl2.cpp(1033,34): warning C4244: 'argument': conversion from 'int' to 'float', possible loss of data
C:\Users\SAI DO MEU PC PEXTE\Desktop\GAME OF THE YEAR\GAME OF THE YEAR\historylvl2.cpp(1055,64): warning C4244: 'argument': conversion from 'int' to 'float', possible loss of data
C:\Users\SAI DO MEU PC PEXTE\Desktop\GAME OF THE YEAR\GAME OF THE YEAR\historylvl2.cpp(1056,64): warning C4244: 'argument': conversion from 'int' to 'float', possible loss of data
C:\Users\SAI DO MEU PC PEXTE\Desktop\GAME OF THE YEAR\GAME OF THE YEAR\historylvl2.cpp(1057,64): warning C4244: 'argument': conversion from 'int' to 'float', possible loss of data
C:\Users\SAI DO MEU PC PEXTE\Desktop\GAME OF THE YEAR\GAME OF THE YEAR\historylvl2.cpp(1060,120): warning C4244: 'argument': conversion from 'int' to 'float', possible loss of data
C:\Users\SAI DO MEU PC PEXTE\Desktop\GAME OF THE YEAR\GAME OF THE YEAR\historylvl2.cpp(1061,108): warning C4244: 'argument': conversion from 'int' to 'float', possible loss of data
C:\Users\SAI DO MEU PC PEXTE\Desktop\GAME OF THE YEAR\GAME OF THE YEAR\historylvl2.cpp(1063,79): warning C4244: 'argument': conversion from 'int' to 'float', possible loss of data
C:\Users\SAI DO MEU PC PEXTE\Desktop\GAME OF THE YEAR\GAME OF THE YEAR\historylvl2.cpp(1064,79): warning C4244: 'argument': conversion from 'int' to 'float', possible loss of data
C:\Users\SAI DO MEU PC PEXTE\Desktop\GAME OF THE YEAR\GAME OF THE YEAR\historylvl2.cpp(1065,79): warning C4244: 'argument': conversion from 'int' to 'float', possible loss of data
C:\Users\SAI DO MEU PC PEXTE\Desktop\GAME OF THE YEAR\GAME OF THE YEAR\historylvl2.cpp(1066,79): warning C4244: 'argument': conversion from 'int' to 'float', possible loss of data
C:\Users\SAI DO MEU PC PEXTE\Desktop\GAME OF THE YEAR\GAME OF THE YEAR\historylvl2.cpp(1067,79): warning C4244: 'argument': conversion from 'int' to 'float', possible loss of data
C:\Users\SAI DO MEU PC PEXTE\Desktop\GAME OF THE YEAR\GAME OF THE YEAR\historylvl2.cpp(1068,79): warning C4244: 'argument': conversion from 'int' to 'float', possible loss of data
C:\Users\SAI DO MEU PC PEXTE\Desktop\GAME OF THE YEAR\GAME OF THE YEAR\historylvl2.cpp(1069,79): warning C4244: 'argument': conversion from 'int' to 'float', possible loss of data
C:\Users\SAI DO MEU PC PEXTE\Desktop\GAME OF THE YEAR\GAME OF THE YEAR\historylvl2.cpp(1070,79): warning C4244: 'argument': conversion from 'int' to 'float', possible loss of data
C:\Users\SAI DO MEU PC PEXTE\Desktop\GAME OF THE YEAR\GAME OF THE YEAR\historylvl2.cpp(1071,79): warning C4244: 'argument': conversion from 'int' to 'float', possible loss of data
C:\Users\SAI DO MEU PC PEXTE\Desktop\GAME OF THE YEAR\GAME OF THE YEAR\historylvl2.cpp(1072,80): warning C4244: 'argument': conversion from 'int' to 'float', possible loss of data
C:\Users\SAI DO MEU PC PEXTE\Desktop\GAME OF THE YEAR\GAME OF THE YEAR\historylvl2.cpp(1073,81): warning C4244: 'argument': conversion from 'int' to 'float', possible loss of data
C:\Users\SAI DO MEU PC PEXTE\Desktop\GAME OF THE YEAR\GAME OF THE YEAR\historylvl2.cpp(1084,45): warning C4244: 'argument': conversion from 'int' to 'float', possible loss of data
C:\Users\SAI DO MEU PC PEXTE\Desktop\GAME OF THE YEAR\GAME OF THE YEAR\historylvl2.cpp(1084,25): warning C4244: 'argument': conversion from 'int' to 'float', possible loss of data
C:\Users\SAI DO MEU PC PEXTE\Desktop\GAME OF THE YEAR\GAME OF THE YEAR\historylvl2.cpp(1085,56): warning C4244: 'argument': conversion from 'int' to 'float', possible loss of data
C:\Users\SAI DO MEU PC PEXTE\Desktop\GAME OF THE YEAR\GAME OF THE YEAR\historylvl2.cpp(1085,34): warning C4244: 'argument': conversion from 'int' to 'float', possible loss of data
C:\Users\SAI DO MEU PC PEXTE\Desktop\GAME OF THE YEAR\GAME OF THE YEAR\historylvl2.cpp(1086,76): warning C4244: 'argument': conversion from 'int' to 'float', possible loss of data
C:\Users\SAI DO MEU PC PEXTE\Desktop\GAME OF THE YEAR\GAME OF THE YEAR\historylvl2.cpp(1086,56): warning C4244: 'argument': conversion from 'int' to 'float', possible loss of data
C:\Users\SAI DO MEU PC PEXTE\Desktop\GAME OF THE YEAR\GAME OF THE YEAR\historylvl2.cpp(1087,88): warning C4244: 'argument': conversion from 'int' to 'float', possible loss of data
C:\Users\SAI DO MEU PC PEXTE\Desktop\GAME OF THE YEAR\GAME OF THE YEAR\historylvl2.cpp(1087,55): warning C4244: 'argument': conversion from 'int' to 'float', possible loss of data
C:\Users\SAI DO MEU PC PEXTE\Desktop\GAME OF THE YEAR\GAME OF THE YEAR\historylvl2.cpp(1088,50): warning C4244: 'argument': conversion from 'int' to 'float', possible loss of data
C:\Users\SAI DO MEU PC PEXTE\Desktop\GAME OF THE YEAR\GAME OF THE YEAR\historylvl2.cpp(1088,29): warning C4244: 'argument': conversion from 'int' to 'float', possible loss of data
C:\Users\SAI DO MEU PC PEXTE\Desktop\GAME OF THE YEAR\GAME OF THE YEAR\historylvl2.cpp(1089,57): warning C4244: 'argument': conversion from 'int' to 'float', possible loss of data
C:\Users\SAI DO MEU PC PEXTE\Desktop\GAME OF THE YEAR\GAME OF THE YEAR\historylvl2.cpp(1089,34): warning C4244: 'argument': conversion from 'int' to 'float', possible loss of data
C:\Users\SAI DO MEU PC PEXTE\Desktop\GAME OF THE YEAR\GAME OF THE YEAR\historylvl2.cpp(1115,64): warning C4244: 'argument': conversion from 'int' to 'float', possible loss of data
C:\Users\SAI DO MEU PC PEXTE\Desktop\GAME OF THE YEAR\GAME OF THE YEAR\historylvl2.cpp(1116,64): warning C4244: 'argument': conversion from 'int' to 'float', possible loss of data
C:\Users\SAI DO MEU PC PEXTE\Desktop\GAME OF THE YEAR\GAME OF THE YEAR\historylvl2.cpp(1117,64): warning C4244: 'argument': conversion from 'int' to 'float', possible loss of data
C:\Users\SAI DO MEU PC PEXTE\Desktop\GAME OF THE YEAR\GAME OF THE YEAR\historylvl2.cpp(1120,79): warning C4244: 'argument': conversion from 'int' to 'float', possible loss of data
C:\Users\SAI DO MEU PC PEXTE\Desktop\GAME OF THE YEAR\GAME OF THE YEAR\historylvl2.cpp(1121,67): warning C4244: 'argument': conversion from 'int' to 'float', possible loss of data
C:\Users\SAI DO MEU PC PEXTE\Desktop\GAME OF THE YEAR\GAME OF THE YEAR\historylvl2.cpp(1133,45): warning C4244: 'argument': conversion from 'int' to 'float', possible loss of data
C:\Users\SAI DO MEU PC PEXTE\Desktop\GAME OF THE YEAR\GAME OF THE YEAR\historylvl2.cpp(1133,25): warning C4244: 'argument': conversion from 'int' to 'float', possible loss of data
C:\Users\SAI DO MEU PC PEXTE\Desktop\GAME OF THE YEAR\GAME OF THE YEAR\historylvl2.cpp(1134,56): warning C4244: 'argument': conversion from 'int' to 'float', possible loss of data
C:\Users\SAI DO MEU PC PEXTE\Desktop\GAME OF THE YEAR\GAME OF THE YEAR\historylvl2.cpp(1134,34): warning C4244: 'argument': conversion from 'int' to 'float', possible loss of data
C:\Users\SAI DO MEU PC PEXTE\Desktop\GAME OF THE YEAR\GAME OF THE YEAR\historylvl2.cpp(1135,57): warning C4244: 'argument': conversion from 'int' to 'float', possible loss of data
C:\Users\SAI DO MEU PC PEXTE\Desktop\GAME OF THE YEAR\GAME OF THE YEAR\historylvl2.cpp(1135,37): warning C4244: 'argument': conversion from 'int' to 'float', possible loss of data
C:\Users\SAI DO MEU PC PEXTE\Desktop\GAME OF THE YEAR\GAME OF THE YEAR\historylvl2.cpp(1136,88): warning C4244: 'argument': conversion from 'int' to 'float', possible loss of data
C:\Users\SAI DO MEU PC PEXTE\Desktop\GAME OF THE YEAR\GAME OF THE YEAR\historylvl2.cpp(1136,55): warning C4244: 'argument': conversion from 'int' to 'float', possible loss of data
C:\Users\SAI DO MEU PC PEXTE\Desktop\GAME OF THE YEAR\GAME OF THE YEAR\historylvl2.cpp(1137,50): warning C4244: 'argument': conversion from 'int' to 'float', possible loss of data
C:\Users\SAI DO MEU PC PEXTE\Desktop\GAME OF THE YEAR\GAME OF THE YEAR\historylvl2.cpp(1137,29): warning C4244: 'argument': conversion from 'int' to 'float', possible loss of data
C:\Users\SAI DO MEU PC PEXTE\Desktop\GAME OF THE YEAR\GAME OF THE YEAR\historylvl2.cpp(1138,57): warning C4244: 'argument': conversion from 'int' to 'float', possible loss of data
C:\Users\SAI DO MEU PC PEXTE\Desktop\GAME OF THE YEAR\GAME OF THE YEAR\historylvl2.cpp(1138,34): warning C4244: 'argument': conversion from 'int' to 'float', possible loss of data
C:\Users\SAI DO MEU PC PEXTE\Desktop\GAME OF THE YEAR\GAME OF THE YEAR\historylvl2.cpp(1160,64): warning C4244: 'argument': conversion from 'int' to 'float', possible loss of data
C:\Users\SAI DO MEU PC PEXTE\Desktop\GAME OF THE YEAR\GAME OF THE YEAR\historylvl2.cpp(1161,64): warning C4244: 'argument': conversion from 'int' to 'float', possible loss of data
C:\Users\SAI DO MEU PC PEXTE\Desktop\GAME OF THE YEAR\GAME OF THE YEAR\historylvl2.cpp(1162,64): warning C4244: 'argument': conversion from 'int' to 'float', possible loss of data
C:\Users\SAI DO MEU PC PEXTE\Desktop\GAME OF THE YEAR\GAME OF THE YEAR\historylvl2.cpp(1165,120): warning C4244: 'argument': conversion from 'int' to 'float', possible loss of data
C:\Users\SAI DO MEU PC PEXTE\Desktop\GAME OF THE YEAR\GAME OF THE YEAR\historylvl2.cpp(1166,108): warning C4244: 'argument': conversion from 'int' to 'float', possible loss of data
C:\Users\SAI DO MEU PC PEXTE\Desktop\GAME OF THE YEAR\GAME OF THE YEAR\historylvl2.cpp(1168,79): warning C4244: 'argument': conversion from 'int' to 'float', possible loss of data
C:\Users\SAI DO MEU PC PEXTE\Desktop\GAME OF THE YEAR\GAME OF THE YEAR\historylvl2.cpp(1169,79): warning C4244: 'argument': conversion from 'int' to 'float', possible loss of data
C:\Users\SAI DO MEU PC PEXTE\Desktop\GAME OF THE YEAR\GAME OF THE YEAR\historylvl2.cpp(1170,79): warning C4244: 'argument': conversion from 'int' to 'float', possible loss of data
C:\Users\SAI DO MEU PC PEXTE\Desktop\GAME OF THE YEAR\GAME OF THE YEAR\historylvl2.cpp(1171,79): warning C4244: 'argument': conversion from 'int' to 'float', possible loss of data
C:\Users\SAI DO MEU PC PEXTE\Desktop\GAME OF THE YEAR\GAME OF THE YEAR\historylvl2.cpp(1172,79): warning C4244: 'argument': conversion from 'int' to 'float', possible loss of data
C:\Users\SAI DO MEU PC PEXTE\Desktop\GAME OF THE YEAR\GAME OF THE YEAR\historylvl2.cpp(1173,79): warning C4244: 'argument': conversion from 'int' to 'float', possible loss of data
C:\Users\SAI DO MEU PC PEXTE\Desktop\GAME OF THE YEAR\GAME OF THE YEAR\historylvl2.cpp(1174,79): warning C4244: 'argument': conversion from 'int' to 'float', possible loss of data
C:\Users\SAI DO MEU PC PEXTE\Desktop\GAME OF THE YEAR\GAME OF THE YEAR\historylvl2.cpp(1175,79): warning C4244: 'argument': conversion from 'int' to 'float', possible loss of data
C:\Users\SAI DO MEU PC PEXTE\Desktop\GAME OF THE YEAR\GAME OF THE YEAR\historylvl2.cpp(1176,79): warning C4244: 'argument': conversion from 'int' to 'float', possible loss of data
C:\Users\SAI DO MEU PC PEXTE\Desktop\GAME OF THE YEAR\GAME OF THE YEAR\historylvl2.cpp(1177,80): warning C4244: 'argument': conversion from 'int' to 'float', possible loss of data
C:\Users\SAI DO MEU PC PEXTE\Desktop\GAME OF THE YEAR\GAME OF THE YEAR\historylvl2.cpp(1178,81): warning C4244: 'argument': conversion from 'int' to 'float', possible loss of data
C:\Users\SAI DO MEU PC PEXTE\Desktop\GAME OF THE YEAR\GAME OF THE YEAR\historylvl2.cpp(1189,45): warning C4244: 'argument': conversion from 'int' to 'float', possible loss of data
C:\Users\SAI DO MEU PC PEXTE\Desktop\GAME OF THE YEAR\GAME OF THE YEAR\historylvl2.cpp(1189,25): warning C4244: 'argument': conversion from 'int' to 'float', possible loss of data
C:\Users\SAI DO MEU PC PEXTE\Desktop\GAME OF THE YEAR\GAME OF THE YEAR\historylvl2.cpp(1190,56): warning C4244: 'argument': conversion from 'int' to 'float', possible loss of data
C:\Users\SAI DO MEU PC PEXTE\Desktop\GAME OF THE YEAR\GAME OF THE YEAR\historylvl2.cpp(1190,34): warning C4244: 'argument': conversion from 'int' to 'float', possible loss of data
C:\Users\SAI DO MEU PC PEXTE\Desktop\GAME OF THE YEAR\GAME OF THE YEAR\historylvl2.cpp(1191,76): warning C4244: 'argument': conversion from 'int' to 'float', possible loss of data
C:\Users\SAI DO MEU PC PEXTE\Desktop\GAME OF THE YEAR\GAME OF THE YEAR\historylvl2.cpp(1191,56): warning C4244: 'argument': conversion from 'int' to 'float', possible loss of data
C:\Users\SAI DO MEU PC PEXTE\Desktop\GAME OF THE YEAR\GAME OF THE YEAR\historylvl2.cpp(1192,88): warning C4244: 'argument': conversion from 'int' to 'float', possible loss of data
C:\Users\SAI DO MEU PC PEXTE\Desktop\GAME OF THE YEAR\GAME OF THE YEAR\historylvl2.cpp(1192,55): warning C4244: 'argument': conversion from 'int' to 'float', possible loss of data
C:\Users\SAI DO MEU PC PEXTE\Desktop\GAME OF THE YEAR\GAME OF THE YEAR\historylvl2.cpp(1193,50): warning C4244: 'argument': conversion from 'int' to 'float', possible loss of data
C:\Users\SAI DO MEU PC PEXTE\Desktop\GAME OF THE YEAR\GAME OF THE YEAR\historylvl2.cpp(1193,29): warning C4244: 'argument': conversion from 'int' to 'float', possible loss of data
C:\Users\SAI DO MEU PC PEXTE\Desktop\GAME OF THE YEAR\GAME OF THE YEAR\historylvl2.cpp(1194,57): warning C4244: 'argument': conversion from 'int' to 'float', possible loss of data
C:\Users\SAI DO MEU PC PEXTE\Desktop\GAME OF THE YEAR\GAME OF THE YEAR\historylvl2.cpp(1194,34): warning C4244: 'argument': conversion from 'int' to 'float', possible loss of data
C:\Users\SAI DO MEU PC PEXTE\Desktop\GAME OF THE YEAR\GAME OF THE YEAR\historylvl2.cpp(1220,64): warning C4244: 'argument': conversion from 'int' to 'float', possible loss of data
C:\Users\SAI DO MEU PC PEXTE\Desktop\GAME OF THE YEAR\GAME OF THE YEAR\historylvl2.cpp(1221,64): warning C4244: 'argument': conversion from 'int' to 'float', possible loss of data
C:\Users\SAI DO MEU PC PEXTE\Desktop\GAME OF THE YEAR\GAME OF THE YEAR\historylvl2.cpp(1222,64): warning C4244: 'argument': conversion from 'int' to 'float', possible loss of data
C:\Users\SAI DO MEU PC PEXTE\Desktop\GAME OF THE YEAR\GAME OF THE YEAR\historylvl2.cpp(1225,106): warning C4244: 'argument': conversion from 'int' to 'float', possible loss of data
C:\Users\SAI DO MEU PC PEXTE\Desktop\GAME OF THE YEAR\GAME OF THE YEAR\historylvl2.cpp(1226,94): warning C4244: 'argument': conversion from 'int' to 'float', possible loss of data
C:\Users\SAI DO MEU PC PEXTE\Desktop\GAME OF THE YEAR\GAME OF THE YEAR\historylvl2.cpp(1269,52): warning C4244: 'argument': conversion from 'int' to 'float', possible loss of data
C:\Users\SAI DO MEU PC PEXTE\Desktop\GAME OF THE YEAR\GAME OF THE YEAR\historylvl2.cpp(1269,29): warning C4244: 'argument': conversion from 'int' to 'float', possible loss of data
C:\Users\SAI DO MEU PC PEXTE\Desktop\GAME OF THE YEAR\GAME OF THE YEAR\historylvl2.cpp(1270,52): warning C4244: 'argument': conversion from 'int' to 'float', possible loss of data
C:\Users\SAI DO MEU PC PEXTE\Desktop\GAME OF THE YEAR\GAME OF THE YEAR\historylvl2.cpp(1270,29): warning C4244: 'argument': conversion from 'int' to 'float', possible loss of data
C:\Users\SAI DO MEU PC PEXTE\Desktop\GAME OF THE YEAR\GAME OF THE YEAR\historylvl2.cpp(1271,44): warning C4244: 'argument': conversion from 'int' to 'float', possible loss of data
C:\Users\SAI DO MEU PC PEXTE\Desktop\GAME OF THE YEAR\GAME OF THE YEAR\historylvl2.cpp(1271,26): warning C4244: 'argument': conversion from 'int' to 'float', possible loss of data
C:\Users\SAI DO MEU PC PEXTE\Desktop\GAME OF THE YEAR\GAME OF THE YEAR\historylvl2.cpp(1272,44): warning C4244: 'argument': conversion from 'int' to 'float', possible loss of data
C:\Users\SAI DO MEU PC PEXTE\Desktop\GAME OF THE YEAR\GAME OF THE YEAR\historylvl2.cpp(1272,26): warning C4244: 'argument': conversion from 'int' to 'float', possible loss of data
C:\Users\SAI DO MEU PC PEXTE\Desktop\GAME OF THE YEAR\GAME OF THE YEAR\historylvl2.cpp(1273,44): warning C4244: 'argument': conversion from 'int' to 'float', possible loss of data
C:\Users\SAI DO MEU PC PEXTE\Desktop\GAME OF THE YEAR\GAME OF THE YEAR\historylvl2.cpp(1273,26): warning C4244: 'argument': conversion from 'int' to 'float', possible loss of data
C:\Users\SAI DO MEU PC PEXTE\Desktop\GAME OF THE YEAR\GAME OF THE YEAR\historylvl2.cpp(1274,51): warning C4244: 'argument': conversion from 'int' to 'float', possible loss of data
C:\Users\SAI DO MEU PC PEXTE\Desktop\GAME OF THE YEAR\GAME OF THE YEAR\historylvl2.cpp(1274,30): warning C4244: 'argument': conversion from 'int' to 'float', possible loss of data
C:\Users\SAI DO MEU PC PEXTE\Desktop\GAME OF THE YEAR\GAME OF THE YEAR\historylvl2.cpp(1286,45): warning C4244: 'argument': conversion from 'int' to 'float', possible loss of data
C:\Users\SAI DO MEU PC PEXTE\Desktop\GAME OF THE YEAR\GAME OF THE YEAR\historylvl2.cpp(1286,25): warning C4244: 'argument': conversion from 'int' to 'float', possible loss of data
C:\Users\SAI DO MEU PC PEXTE\Desktop\GAME OF THE YEAR\GAME OF THE YEAR\historylvl2.cpp(1287,56): warning C4244: 'argument': conversion from 'int' to 'float', possible loss of data
C:\Users\SAI DO MEU PC PEXTE\Desktop\GAME OF THE YEAR\GAME OF THE YEAR\historylvl2.cpp(1287,34): warning C4244: 'argument': conversion from 'int' to 'float', possible loss of data
C:\Users\SAI DO MEU PC PEXTE\Desktop\GAME OF THE YEAR\GAME OF THE YEAR\historylvl2.cpp(1288,57): warning C4244: 'argument': conversion from 'int' to 'float', possible loss of data
C:\Users\SAI DO MEU PC PEXTE\Desktop\GAME OF THE YEAR\GAME OF THE YEAR\historylvl2.cpp(1288,37): warning C4244: 'argument': conversion from 'int' to 'float', possible loss of data
C:\Users\SAI DO MEU PC PEXTE\Desktop\GAME OF THE YEAR\GAME OF THE YEAR\historylvl2.cpp(1289,88): warning C4244: 'argument': conversion from 'int' to 'float', possible loss of data
C:\Users\SAI DO MEU PC PEXTE\Desktop\GAME OF THE YEAR\GAME OF THE YEAR\historylvl2.cpp(1289,55): warning C4244: 'argument': conversion from 'int' to 'float', possible loss of data
C:\Users\SAI DO MEU PC PEXTE\Desktop\GAME OF THE YEAR\GAME OF THE YEAR\historylvl2.cpp(1290,50): warning C4244: 'argument': conversion from 'int' to 'float', possible loss of data
C:\Users\SAI DO MEU PC PEXTE\Desktop\GAME OF THE YEAR\GAME OF THE YEAR\historylvl2.cpp(1290,29): warning C4244: 'argument': conversion from 'int' to 'float', possible loss of data
C:\Users\SAI DO MEU PC PEXTE\Desktop\GAME OF THE YEAR\GAME OF THE YEAR\historylvl2.cpp(1291,63): warning C4244: 'argument': conversion from 'int' to 'float', possible loss of data
C:\Users\SAI DO MEU PC PEXTE\Desktop\GAME OF THE YEAR\GAME OF THE YEAR\historylvl2.cpp(1291,40): warning C4244: 'argument': conversion from 'int' to 'float', possible loss of data
C:\Users\SAI DO MEU PC PEXTE\Desktop\GAME OF THE YEAR\GAME OF THE YEAR\historylvl2.cpp(1312,64): warning C4244: 'argument': conversion from 'int' to 'float', possible loss of data
C:\Users\SAI DO MEU PC PEXTE\Desktop\GAME OF THE YEAR\GAME OF THE YEAR\historylvl2.cpp(1313,64): warning C4244: 'argument': conversion from 'int' to 'float', possible loss of data
C:\Users\SAI DO MEU PC PEXTE\Desktop\GAME OF THE YEAR\GAME OF THE YEAR\historylvl2.cpp(1314,64): warning C4244: 'argument': conversion from 'int' to 'float', possible loss of data
C:\Users\SAI DO MEU PC PEXTE\Desktop\GAME OF THE YEAR\GAME OF THE YEAR\historylvl2.cpp(1317,120): warning C4244: 'argument': conversion from 'int' to 'float', possible loss of data
C:\Users\SAI DO MEU PC PEXTE\Desktop\GAME OF THE YEAR\GAME OF THE YEAR\historylvl2.cpp(1318,108): warning C4244: 'argument': conversion from 'int' to 'float', possible loss of data
C:\Users\SAI DO MEU PC PEXTE\Desktop\GAME OF THE YEAR\GAME OF THE YEAR\historylvl2.cpp(1328,79): warning C4244: 'argument': conversion from 'int' to 'float', possible loss of data
C:\Users\SAI DO MEU PC PEXTE\Desktop\GAME OF THE YEAR\GAME OF THE YEAR\historylvl2.cpp(1329,79): warning C4244: 'argument': conversion from 'int' to 'float', possible loss of data
C:\Users\SAI DO MEU PC PEXTE\Desktop\GAME OF THE YEAR\GAME OF THE YEAR\historylvl2.cpp(1330,79): warning C4244: 'argument': conversion from 'int' to 'float', possible loss of data
C:\Users\SAI DO MEU PC PEXTE\Desktop\GAME OF THE YEAR\GAME OF THE YEAR\historylvl2.cpp(1331,79): warning C4244: 'argument': conversion from 'int' to 'float', possible loss of data
C:\Users\SAI DO MEU PC PEXTE\Desktop\GAME OF THE YEAR\GAME OF THE YEAR\historylvl2.cpp(1332,79): warning C4244: 'argument': conversion from 'int' to 'float', possible loss of data
C:\Users\SAI DO MEU PC PEXTE\Desktop\GAME OF THE YEAR\GAME OF THE YEAR\historylvl2.cpp(1333,79): warning C4244: 'argument': conversion from 'int' to 'float', possible loss of data
C:\Users\SAI DO MEU PC PEXTE\Desktop\GAME OF THE YEAR\GAME OF THE YEAR\historylvl2.cpp(1334,79): warning C4244: 'argument': conversion from 'int' to 'float', possible loss of data
C:\Users\SAI DO MEU PC PEXTE\Desktop\GAME OF THE YEAR\GAME OF THE YEAR\historylvl2.cpp(1335,79): warning C4244: 'argument': conversion from 'int' to 'float', possible loss of data
C:\Users\SAI DO MEU PC PEXTE\Desktop\GAME OF THE YEAR\GAME OF THE YEAR\historylvl2.cpp(1336,79): warning C4244: 'argument': conversion from 'int' to 'float', possible loss of data
C:\Users\SAI DO MEU PC PEXTE\Desktop\GAME OF THE YEAR\GAME OF THE YEAR\historylvl2.cpp(1337,80): warning C4244: 'argument': conversion from 'int' to 'float', possible loss of data
C:\Users\SAI DO MEU PC PEXTE\Desktop\GAME OF THE YEAR\GAME OF THE YEAR\historylvl2.cpp(1338,81): warning C4244: 'argument': conversion from 'int' to 'float', possible loss of data
C:\Users\SAI DO MEU PC PEXTE\Desktop\GAME OF THE YEAR\GAME OF THE YEAR\historylvl2.cpp(1342,45): warning C4244: 'argument': conversion from 'int' to 'float', possible loss of data
C:\Users\SAI DO MEU PC PEXTE\Desktop\GAME OF THE YEAR\GAME OF THE YEAR\historylvl2.cpp(1342,25): warning C4244: 'argument': conversion from 'int' to 'float', possible loss of data
C:\Users\SAI DO MEU PC PEXTE\Desktop\GAME OF THE YEAR\GAME OF THE YEAR\historylvl2.cpp(1343,56): warning C4244: 'argument': conversion from 'int' to 'float', possible loss of data
C:\Users\SAI DO MEU PC PEXTE\Desktop\GAME OF THE YEAR\GAME OF THE YEAR\historylvl2.cpp(1343,34): warning C4244: 'argument': conversion from 'int' to 'float', possible loss of data
C:\Users\SAI DO MEU PC PEXTE\Desktop\GAME OF THE YEAR\GAME OF THE YEAR\historylvl2.cpp(1344,76): warning C4244: 'argument': conversion from 'int' to 'float', possible loss of data
C:\Users\SAI DO MEU PC PEXTE\Desktop\GAME OF THE YEAR\GAME OF THE YEAR\historylvl2.cpp(1344,56): warning C4244: 'argument': conversion from 'int' to 'float', possible loss of data
C:\Users\SAI DO MEU PC PEXTE\Desktop\GAME OF THE YEAR\GAME OF THE YEAR\historylvl2.cpp(1345,88): warning C4244: 'argument': conversion from 'int' to 'float', possible loss of data
C:\Users\SAI DO MEU PC PEXTE\Desktop\GAME OF THE YEAR\GAME OF THE YEAR\historylvl2.cpp(1345,55): warning C4244: 'argument': conversion from 'int' to 'float', possible loss of data
C:\Users\SAI DO MEU PC PEXTE\Desktop\GAME OF THE YEAR\GAME OF THE YEAR\historylvl2.cpp(1346,50): warning C4244: 'argument': conversion from 'int' to 'float', possible loss of data
C:\Users\SAI DO MEU PC PEXTE\Desktop\GAME OF THE YEAR\GAME OF THE YEAR\historylvl2.cpp(1346,29): warning C4244: 'argument': conversion from 'int' to 'float', possible loss of data
C:\Users\SAI DO MEU PC PEXTE\Desktop\GAME OF THE YEAR\GAME OF THE YEAR\historylvl2.cpp(1347,63): warning C4244: 'argument': conversion from 'int' to 'float', possible loss of data
C:\Users\SAI DO MEU PC PEXTE\Desktop\GAME OF THE YEAR\GAME OF THE YEAR\historylvl2.cpp(1347,40): warning C4244: 'argument': conversion from 'int' to 'float', possible loss of data
C:\Users\SAI DO MEU PC PEXTE\Desktop\GAME OF THE YEAR\GAME OF THE YEAR\historylvl2.cpp(1369,52): warning C4244: 'argument': conversion from 'int' to 'float', possible loss of data
C:\Users\SAI DO MEU PC PEXTE\Desktop\GAME OF THE YEAR\GAME OF THE YEAR\historylvl2.cpp(1369,34): warning C4244: 'argument': conversion from 'int' to 'float', possible loss of data
C:\Users\SAI DO MEU PC PEXTE\Desktop\GAME OF THE YEAR\GAME OF THE YEAR\historylvl2.cpp(1381,59): warning C4244: 'argument': conversion from 'int' to 'float', possible loss of data
C:\Users\SAI DO MEU PC PEXTE\Desktop\GAME OF THE YEAR\GAME OF THE YEAR\historylvl2.cpp(1381,43): warning C4244: 'argument': conversion from 'int' to 'float', possible loss of data
C:\Users\SAI DO MEU PC PEXTE\Desktop\GAME OF THE YEAR\GAME OF THE YEAR\historylvl2.cpp(1388,64): warning C4244: 'argument': conversion from 'int' to 'float', possible loss of data
C:\Users\SAI DO MEU PC PEXTE\Desktop\GAME OF THE YEAR\GAME OF THE YEAR\historylvl2.cpp(1389,64): warning C4244: 'argument': conversion from 'int' to 'float', possible loss of data
C:\Users\SAI DO MEU PC PEXTE\Desktop\GAME OF THE YEAR\GAME OF THE YEAR\historylvl2.cpp(1390,64): warning C4244: 'argument': conversion from 'int' to 'float', possible loss of data
C:\Users\SAI DO MEU PC PEXTE\Desktop\GAME OF THE YEAR\GAME OF THE YEAR\historylvl2.cpp(1393,106): warning C4244: 'argument': conversion from 'int' to 'float', possible loss of data
C:\Users\SAI DO MEU PC PEXTE\Desktop\GAME OF THE YEAR\GAME OF THE YEAR\historylvl2.cpp(1394,94): warning C4244: 'argument': conversion from 'int' to 'float', possible loss of data
C:\Users\SAI DO MEU PC PEXTE\Desktop\GAME OF THE YEAR\GAME OF THE YEAR\historylvl2.cpp(1426,50): warning C4244: 'argument': conversion from 'int' to 'float', possible loss of data
C:\Users\SAI DO MEU PC PEXTE\Desktop\GAME OF THE YEAR\GAME OF THE YEAR\historylvl2.cpp(1426,28): warning C4244: 'argument': conversion from 'int' to 'float', possible loss of data
C:\Users\SAI DO MEU PC PEXTE\Desktop\GAME OF THE YEAR\GAME OF THE YEAR\historylvl2.cpp(1427,50): warning C4244: 'argument': conversion from 'int' to 'float', possible loss of data
C:\Users\SAI DO MEU PC PEXTE\Desktop\GAME OF THE YEAR\GAME OF THE YEAR\historylvl2.cpp(1427,28): warning C4244: 'argument': conversion from 'int' to 'float', possible loss of data
C:\Users\SAI DO MEU PC PEXTE\Desktop\GAME OF THE YEAR\GAME OF THE YEAR\historylvl2.cpp(1428,42): warning C4244: 'argument': conversion from 'int' to 'float', possible loss of data
C:\Users\SAI DO MEU PC PEXTE\Desktop\GAME OF THE YEAR\GAME OF THE YEAR\historylvl2.cpp(1428,25): warning C4244: 'argument': conversion from 'int' to 'float', possible loss of data
C:\Users\SAI DO MEU PC PEXTE\Desktop\GAME OF THE YEAR\GAME OF THE YEAR\historylvl2.cpp(1429,42): warning C4244: 'argument': conversion from 'int' to 'float', possible loss of data
C:\Users\SAI DO MEU PC PEXTE\Desktop\GAME OF THE YEAR\GAME OF THE YEAR\historylvl2.cpp(1429,25): warning C4244: 'argument': conversion from 'int' to 'float', possible loss of data
C:\Users\SAI DO MEU PC PEXTE\Desktop\GAME OF THE YEAR\GAME OF THE YEAR\historylvl2.cpp(1430,42): warning C4244: 'argument': conversion from 'int' to 'float', possible loss of data
C:\Users\SAI DO MEU PC PEXTE\Desktop\GAME OF THE YEAR\GAME OF THE YEAR\historylvl2.cpp(1430,25): warning C4244: 'argument': conversion from 'int' to 'float', possible loss of data
C:\Users\SAI DO MEU PC PEXTE\Desktop\GAME OF THE YEAR\GAME OF THE YEAR\historylvl2.cpp(1431,49): warning C4244: 'argument': conversion from 'int' to 'float', possible loss of data
C:\Users\SAI DO MEU PC PEXTE\Desktop\GAME OF THE YEAR\GAME OF THE YEAR\historylvl2.cpp(1431,29): warning C4244: 'argument': conversion from 'int' to 'float', possible loss of data
C:\Users\SAI DO MEU PC PEXTE\Desktop\GAME OF THE YEAR\GAME OF THE YEAR\historylvl2.cpp(1438,69): warning C4244: 'argument': conversion from 'int' to 'float', possible loss of data
C:\Users\SAI DO MEU PC PEXTE\Desktop\GAME OF THE YEAR\GAME OF THE YEAR\historylvl2.cpp(1438,62): warning C4244: 'argument': conversion from 'int' to 'float', possible loss of data
C:\Users\SAI DO MEU PC PEXTE\Desktop\GAME OF THE YEAR\GAME OF THE YEAR\historylvl2.cpp(1438,57): warning C4244: 'argument': conversion from 'int' to 'float', possible loss of data
C:\Users\SAI DO MEU PC PEXTE\Desktop\GAME OF THE YEAR\GAME OF THE YEAR\historylvl2.cpp(1438,51): warning C4244: 'argument': conversion from 'int' to 'float', possible loss of data
C:\Users\SAI DO MEU PC PEXTE\Desktop\GAME OF THE YEAR\GAME OF THE YEAR\historylvl2.cpp(1439,69): warning C4244: 'argument': conversion from 'int' to 'float', possible loss of data
C:\Users\SAI DO MEU PC PEXTE\Desktop\GAME OF THE YEAR\GAME OF THE YEAR\historylvl2.cpp(1439,62): warning C4244: 'argument': conversion from 'int' to 'float', possible loss of data
C:\Users\SAI DO MEU PC PEXTE\Desktop\GAME OF THE YEAR\GAME OF THE YEAR\historylvl2.cpp(1439,57): warning C4244: 'argument': conversion from 'int' to 'float', possible loss of data
C:\Users\SAI DO MEU PC PEXTE\Desktop\GAME OF THE YEAR\GAME OF THE YEAR\historylvl2.cpp(1439,51): warning C4244: 'argument': conversion from 'int' to 'float', possible loss of data
C:\Users\SAI DO MEU PC PEXTE\Desktop\GAME OF THE YEAR\GAME OF THE YEAR\historylvl2.cpp(1440,69): warning C4244: 'argument': conversion from 'int' to 'float', possible loss of data
C:\Users\SAI DO MEU PC PEXTE\Desktop\GAME OF THE YEAR\GAME OF THE YEAR\historylvl2.cpp(1440,62): warning C4244: 'argument': conversion from 'int' to 'float', possible loss of data
C:\Users\SAI DO MEU PC PEXTE\Desktop\GAME OF THE YEAR\GAME OF THE YEAR\historylvl2.cpp(1440,57): warning C4244: 'argument': conversion from 'int' to 'float', possible loss of data
C:\Users\SAI DO MEU PC PEXTE\Desktop\GAME OF THE YEAR\GAME OF THE YEAR\historylvl2.cpp(1440,51): warning C4244: 'argument': conversion from 'int' to 'float', possible loss of data
C:\Users\SAI DO MEU PC PEXTE\Desktop\GAME OF THE YEAR\GAME OF THE YEAR\historylvl2.cpp(1441,69): warning C4244: 'argument': conversion from 'int' to 'float', possible loss of data
C:\Users\SAI DO MEU PC PEXTE\Desktop\GAME OF THE YEAR\GAME OF THE YEAR\historylvl2.cpp(1441,62): warning C4244: 'argument': conversion from 'int' to 'float', possible loss of data
C:\Users\SAI DO MEU PC PEXTE\Desktop\GAME OF THE YEAR\GAME OF THE YEAR\historylvl2.cpp(1441,57): warning C4244: 'argument': conversion from 'int' to 'float', possible loss of data
C:\Users\SAI DO MEU PC PEXTE\Desktop\GAME OF THE YEAR\GAME OF THE YEAR\historylvl2.cpp(1441,51): warning C4244: 'argument': conversion from 'int' to 'float', possible loss of data
C:\Users\SAI DO MEU PC PEXTE\Desktop\GAME OF THE YEAR\GAME OF THE YEAR\historylvl2.cpp(1442,69): warning C4244: 'argument': conversion from 'int' to 'float', possible loss of data
C:\Users\SAI DO MEU PC PEXTE\Desktop\GAME OF THE YEAR\GAME OF THE YEAR\historylvl2.cpp(1442,62): warning C4244: 'argument': conversion from 'int' to 'float', possible loss of data
C:\Users\SAI DO MEU PC PEXTE\Desktop\GAME OF THE YEAR\GAME OF THE YEAR\historylvl2.cpp(1442,57): warning C4244: 'argument': conversion from 'int' to 'float', possible loss of data
C:\Users\SAI DO MEU PC PEXTE\Desktop\GAME OF THE YEAR\GAME OF THE YEAR\historylvl2.cpp(1442,51): warning C4244: 'argument': conversion from 'int' to 'float', possible loss of data
C:\Users\SAI DO MEU PC PEXTE\Desktop\GAME OF THE YEAR\GAME OF THE YEAR\historylvl2.cpp(1443,69): warning C4244: 'argument': conversion from 'int' to 'float', possible loss of data
C:\Users\SAI DO MEU PC PEXTE\Desktop\GAME OF THE YEAR\GAME OF THE YEAR\historylvl2.cpp(1443,62): warning C4244: 'argument': conversion from 'int' to 'float', possible loss of data
C:\Users\SAI DO MEU PC PEXTE\Desktop\GAME OF THE YEAR\GAME OF THE YEAR\historylvl2.cpp(1443,57): warning C4244: 'argument': conversion from 'int' to 'float', possible loss of data
C:\Users\SAI DO MEU PC PEXTE\Desktop\GAME OF THE YEAR\GAME OF THE YEAR\historylvl2.cpp(1443,51): warning C4244: 'argument': conversion from 'int' to 'float', possible loss of data
C:\Users\SAI DO MEU PC PEXTE\Desktop\GAME OF THE YEAR\GAME OF THE YEAR\historylvl2.cpp(1444,69): warning C4244: 'argument': conversion from 'int' to 'float', possible loss of data
C:\Users\SAI DO MEU PC PEXTE\Desktop\GAME OF THE YEAR\GAME OF THE YEAR\historylvl2.cpp(1444,62): warning C4244: 'argument': conversion from 'int' to 'float', possible loss of data
C:\Users\SAI DO MEU PC PEXTE\Desktop\GAME OF THE YEAR\GAME OF THE YEAR\historylvl2.cpp(1444,57): warning C4244: 'argument': conversion from 'int' to 'float', possible loss of data
C:\Users\SAI DO MEU PC PEXTE\Desktop\GAME OF THE YEAR\GAME OF THE YEAR\historylvl2.cpp(1444,51): warning C4244: 'argument': conversion from 'int' to 'float', possible loss of data
C:\Users\SAI DO MEU PC PEXTE\Desktop\GAME OF THE YEAR\GAME OF THE YEAR\historylvl2.cpp(1446,45): warning C4244: 'argument': conversion from 'int' to 'float', possible loss of data
C:\Users\SAI DO MEU PC PEXTE\Desktop\GAME OF THE YEAR\GAME OF THE YEAR\historylvl2.cpp(1446,25): warning C4244: 'argument': conversion from 'int' to 'float', possible loss of data
C:\Users\SAI DO MEU PC PEXTE\Desktop\GAME OF THE YEAR\GAME OF THE YEAR\historylvl2.cpp(1447,56): warning C4244: 'argument': conversion from 'int' to 'float', possible loss of data
C:\Users\SAI DO MEU PC PEXTE\Desktop\GAME OF THE YEAR\GAME OF THE YEAR\historylvl2.cpp(1447,34): warning C4244: 'argument': conversion from 'int' to 'float', possible loss of data
C:\Users\SAI DO MEU PC PEXTE\Desktop\GAME OF THE YEAR\GAME OF THE YEAR\historylvl2.cpp(1448,57): warning C4244: 'argument': conversion from 'int' to 'float', possible loss of data
C:\Users\SAI DO MEU PC PEXTE\Desktop\GAME OF THE YEAR\GAME OF THE YEAR\historylvl2.cpp(1448,37): warning C4244: 'argument': conversion from 'int' to 'float', possible loss of data
C:\Users\SAI DO MEU PC PEXTE\Desktop\GAME OF THE YEAR\GAME OF THE YEAR\historylvl2.cpp(1449,88): warning C4244: 'argument': conversion from 'int' to 'float', possible loss of data
C:\Users\SAI DO MEU PC PEXTE\Desktop\GAME OF THE YEAR\GAME OF THE YEAR\historylvl2.cpp(1449,55): warning C4244: 'argument': conversion from 'int' to 'float', possible loss of data
C:\Users\SAI DO MEU PC PEXTE\Desktop\GAME OF THE YEAR\GAME OF THE YEAR\historylvl2.cpp(1450,50): warning C4244: 'argument': conversion from 'int' to 'float', possible loss of data
C:\Users\SAI DO MEU PC PEXTE\Desktop\GAME OF THE YEAR\GAME OF THE YEAR\historylvl2.cpp(1450,29): warning C4244: 'argument': conversion from 'int' to 'float', possible loss of data
C:\Users\SAI DO MEU PC PEXTE\Desktop\GAME OF THE YEAR\GAME OF THE YEAR\historylvl2.cpp(1451,60): warning C4244: 'argument': conversion from 'int' to 'float', possible loss of data
C:\Users\SAI DO MEU PC PEXTE\Desktop\GAME OF THE YEAR\GAME OF THE YEAR\historylvl2.cpp(1451,37): warning C4244: 'argument': conversion from 'int' to 'float', possible loss of data
C:\Users\SAI DO MEU PC PEXTE\Desktop\GAME OF THE YEAR\GAME OF THE YEAR\historylvl2.cpp(1464,46): warning C4244: 'argument': conversion from 'int' to 'float', possible loss of data
C:\Users\SAI DO MEU PC PEXTE\Desktop\GAME OF THE YEAR\GAME OF THE YEAR\historylvl2.cpp(1464,28): warning C4244: 'argument': conversion from 'int' to 'float', possible loss of data
C:\Users\SAI DO MEU PC PEXTE\Desktop\GAME OF THE YEAR\GAME OF THE YEAR\historylvl2.cpp(1469,63): warning C4244: 'argument': conversion from 'int' to 'float', possible loss of data
C:\Users\SAI DO MEU PC PEXTE\Desktop\GAME OF THE YEAR\GAME OF THE YEAR\historylvl2.cpp(1470,63): warning C4244: 'argument': conversion from 'int' to 'float', possible loss of data
C:\Users\SAI DO MEU PC PEXTE\Desktop\GAME OF THE YEAR\GAME OF THE YEAR\historylvl2.cpp(1471,63): warning C4244: 'argument': conversion from 'int' to 'float', possible loss of data
C:\Users\SAI DO MEU PC PEXTE\Desktop\GAME OF THE YEAR\GAME OF THE YEAR\historylvl2.cpp(1474,124): warning C4244: 'argument': conversion from 'int' to 'float', possible loss of data
C:\Users\SAI DO MEU PC PEXTE\Desktop\GAME OF THE YEAR\GAME OF THE YEAR\historylvl2.cpp(1475,110): warning C4244: 'argument': conversion from 'int' to 'float', possible loss of data
C:\Users\SAI DO MEU PC PEXTE\Desktop\GAME OF THE YEAR\GAME OF THE YEAR\historylvl2.cpp(1490,114): warning C4244: 'argument': conversion from 'int' to 'float', possible loss of data
C:\Users\SAI DO MEU PC PEXTE\Desktop\GAME OF THE YEAR\GAME OF THE YEAR\historylvl2.cpp(1490,102): warning C4244: 'argument': conversion from 'int' to 'float', possible loss of data
C:\Users\SAI DO MEU PC PEXTE\Desktop\GAME OF THE YEAR\GAME OF THE YEAR\historylvl2.cpp(1490,88): warning C4244: 'argument': conversion from 'int' to 'float', possible loss of data
C:\Users\SAI DO MEU PC PEXTE\Desktop\GAME OF THE YEAR\GAME OF THE YEAR\historylvl2.cpp(1490,74): warning C4244: 'argument': conversion from 'int' to 'float', possible loss of data
C:\Users\SAI DO MEU PC PEXTE\Desktop\GAME OF THE YEAR\GAME OF THE YEAR\historylvl2.cpp(1491,122): warning C4244: 'argument': conversion from 'int' to 'float', possible loss of data
C:\Users\SAI DO MEU PC PEXTE\Desktop\GAME OF THE YEAR\GAME OF THE YEAR\historylvl2.cpp(1491,108): warning C4244: 'argument': conversion from 'int' to 'float', possible loss of data
C:\Users\SAI DO MEU PC PEXTE\Desktop\GAME OF THE YEAR\GAME OF THE YEAR\historylvl2.cpp(1491,92): warning C4244: 'argument': conversion from 'int' to 'float', possible loss of data
C:\Users\SAI DO MEU PC PEXTE\Desktop\GAME OF THE YEAR\GAME OF THE YEAR\historylvl2.cpp(1491,76): warning C4244: 'argument': conversion from 'int' to 'float', possible loss of data
C:\Users\SAI DO MEU PC PEXTE\Desktop\GAME OF THE YEAR\GAME OF THE YEAR\historylvl2.cpp(1492,122): warning C4244: 'argument': conversion from 'int' to 'float', possible loss of data
C:\Users\SAI DO MEU PC PEXTE\Desktop\GAME OF THE YEAR\GAME OF THE YEAR\historylvl2.cpp(1492,108): warning C4244: 'argument': conversion from 'int' to 'float', possible loss of data
C:\Users\SAI DO MEU PC PEXTE\Desktop\GAME OF THE YEAR\GAME OF THE YEAR\historylvl2.cpp(1492,92): warning C4244: 'argument': conversion from 'int' to 'float', possible loss of data
C:\Users\SAI DO MEU PC PEXTE\Desktop\GAME OF THE YEAR\GAME OF THE YEAR\historylvl2.cpp(1492,76): warning C4244: 'argument': conversion from 'int' to 'float', possible loss of data
C:\Users\SAI DO MEU PC PEXTE\Desktop\GAME OF THE YEAR\GAME OF THE YEAR\historylvl2.cpp(1493,122): warning C4244: 'argument': conversion from 'int' to 'float', possible loss of data
C:\Users\SAI DO MEU PC PEXTE\Desktop\GAME OF THE YEAR\GAME OF THE YEAR\historylvl2.cpp(1493,108): warning C4244: 'argument': conversion from 'int' to 'float', possible loss of data
C:\Users\SAI DO MEU PC PEXTE\Desktop\GAME OF THE YEAR\GAME OF THE YEAR\historylvl2.cpp(1493,92): warning C4244: 'argument': conversion from 'int' to 'float', possible loss of data
C:\Users\SAI DO MEU PC PEXTE\Desktop\GAME OF THE YEAR\GAME OF THE YEAR\historylvl2.cpp(1493,76): warning C4244: 'argument': conversion from 'int' to 'float', possible loss of data
C:\Users\SAI DO MEU PC PEXTE\Desktop\GAME OF THE YEAR\GAME OF THE YEAR\historylvl2.cpp(1494,122): warning C4244: 'argument': conversion from 'int' to 'float', possible loss of data
C:\Users\SAI DO MEU PC PEXTE\Desktop\GAME OF THE YEAR\GAME OF THE YEAR\historylvl2.cpp(1494,108): warning C4244: 'argument': conversion from 'int' to 'float', possible loss of data
C:\Users\SAI DO MEU PC PEXTE\Desktop\GAME OF THE YEAR\GAME OF THE YEAR\historylvl2.cpp(1494,92): warning C4244: 'argument': conversion from 'int' to 'float', possible loss of data
C:\Users\SAI DO MEU PC PEXTE\Desktop\GAME OF THE YEAR\GAME OF THE YEAR\historylvl2.cpp(1494,76): warning C4244: 'argument': conversion from 'int' to 'float', possible loss of data
C:\Users\SAI DO MEU PC PEXTE\Desktop\GAME OF THE YEAR\GAME OF THE YEAR\historylvl2.cpp(1495,122): warning C4244: 'argument': conversion from 'int' to 'float', possible loss of data
C:\Users\SAI DO MEU PC PEXTE\Desktop\GAME OF THE YEAR\GAME OF THE YEAR\historylvl2.cpp(1495,108): warning C4244: 'argument': conversion from 'int' to 'float', possible loss of data
C:\Users\SAI DO MEU PC PEXTE\Desktop\GAME OF THE YEAR\GAME OF THE YEAR\historylvl2.cpp(1495,92): warning C4244: 'argument': conversion from 'int' to 'float', possible loss of data
C:\Users\SAI DO MEU PC PEXTE\Desktop\GAME OF THE YEAR\GAME OF THE YEAR\historylvl2.cpp(1495,76): warning C4244: 'argument': conversion from 'int' to 'float', possible loss of data
C:\Users\SAI DO MEU PC PEXTE\Desktop\GAME OF THE YEAR\GAME OF THE YEAR\historylvl2.cpp(1497,78): warning C4244: 'argument': conversion from 'int' to 'float', possible loss of data
C:\Users\SAI DO MEU PC PEXTE\Desktop\GAME OF THE YEAR\GAME OF THE YEAR\historylvl2.cpp(1498,78): warning C4244: 'argument': conversion from 'int' to 'float', possible loss of data
C:\Users\SAI DO MEU PC PEXTE\Desktop\GAME OF THE YEAR\GAME OF THE YEAR\historylvl2.cpp(1499,78): warning C4244: 'argument': conversion from 'int' to 'float', possible loss of data
C:\Users\SAI DO MEU PC PEXTE\Desktop\GAME OF THE YEAR\GAME OF THE YEAR\historylvl2.cpp(1500,78): warning C4244: 'argument': conversion from 'int' to 'float', possible loss of data
C:\Users\SAI DO MEU PC PEXTE\Desktop\GAME OF THE YEAR\GAME OF THE YEAR\historylvl2.cpp(1501,78): warning C4244: 'argument': conversion from 'int' to 'float', possible loss of data
C:\Users\SAI DO MEU PC PEXTE\Desktop\GAME OF THE YEAR\GAME OF THE YEAR\historylvl2.cpp(1502,78): warning C4244: 'argument': conversion from 'int' to 'float', possible loss of data
C:\Users\SAI DO MEU PC PEXTE\Desktop\GAME OF THE YEAR\GAME OF THE YEAR\historylvl2.cpp(1503,78): warning C4244: 'argument': conversion from 'int' to 'float', possible loss of data
C:\Users\SAI DO MEU PC PEXTE\Desktop\GAME OF THE YEAR\GAME OF THE YEAR\historylvl2.cpp(1504,78): warning C4244: 'argument': conversion from 'int' to 'float', possible loss of data
C:\Users\SAI DO MEU PC PEXTE\Desktop\GAME OF THE YEAR\GAME OF THE YEAR\historylvl2.cpp(1505,78): warning C4244: 'argument': conversion from 'int' to 'float', possible loss of data
C:\Users\SAI DO MEU PC PEXTE\Desktop\GAME OF THE YEAR\GAME OF THE YEAR\historylvl2.cpp(1506,79): warning C4244: 'argument': conversion from 'int' to 'float', possible loss of data
C:\Users\SAI DO MEU PC PEXTE\Desktop\GAME OF THE YEAR\GAME OF THE YEAR\historylvl2.cpp(1507,80): warning C4244: 'argument': conversion from 'int' to 'float', possible loss of data
C:\Users\SAI DO MEU PC PEXTE\Desktop\GAME OF THE YEAR\GAME OF THE YEAR\historylvl2.cpp(1514,67): warning C4244: 'argument': conversion from 'int' to 'float', possible loss of data
C:\Users\SAI DO MEU PC PEXTE\Desktop\GAME OF THE YEAR\GAME OF THE YEAR\historylvl2.cpp(1514,60): warning C4244: 'argument': conversion from 'int' to 'float', possible loss of data
C:\Users\SAI DO MEU PC PEXTE\Desktop\GAME OF THE YEAR\GAME OF THE YEAR\historylvl2.cpp(1514,55): warning C4244: 'argument': conversion from 'int' to 'float', possible loss of data
C:\Users\SAI DO MEU PC PEXTE\Desktop\GAME OF THE YEAR\GAME OF THE YEAR\historylvl2.cpp(1514,49): warning C4244: 'argument': conversion from 'int' to 'float', possible loss of data
C:\Users\SAI DO MEU PC PEXTE\Desktop\GAME OF THE YEAR\GAME OF THE YEAR\historylvl2.cpp(1515,67): warning C4244: 'argument': conversion from 'int' to 'float', possible loss of data
C:\Users\SAI DO MEU PC PEXTE\Desktop\GAME OF THE YEAR\GAME OF THE YEAR\historylvl2.cpp(1515,60): warning C4244: 'argument': conversion from 'int' to 'float', possible loss of data
C:\Users\SAI DO MEU PC PEXTE\Desktop\GAME OF THE YEAR\GAME OF THE YEAR\historylvl2.cpp(1515,55): warning C4244: 'argument': conversion from 'int' to 'float', possible loss of data
C:\Users\SAI DO MEU PC PEXTE\Desktop\GAME OF THE YEAR\GAME OF THE YEAR\historylvl2.cpp(1515,49): warning C4244: 'argument': conversion from 'int' to 'float', possible loss of data
C:\Users\SAI DO MEU PC PEXTE\Desktop\GAME OF THE YEAR\GAME OF THE YEAR\historylvl2.cpp(1516,67): warning C4244: 'argument': conversion from 'int' to 'float', possible loss of data
C:\Users\SAI DO MEU PC PEXTE\Desktop\GAME OF THE YEAR\GAME OF THE YEAR\historylvl2.cpp(1516,60): warning C4244: 'argument': conversion from 'int' to 'float', possible loss of data
C:\Users\SAI DO MEU PC PEXTE\Desktop\GAME OF THE YEAR\GAME OF THE YEAR\historylvl2.cpp(1516,55): warning C4244: 'argument': conversion from 'int' to 'float', possible loss of data
C:\Users\SAI DO MEU PC PEXTE\Desktop\GAME OF THE YEAR\GAME OF THE YEAR\historylvl2.cpp(1516,49): warning C4244: 'argument': conversion from 'int' to 'float', possible loss of data
C:\Users\SAI DO MEU PC PEXTE\Desktop\GAME OF THE YEAR\GAME OF THE YEAR\historylvl2.cpp(1517,67): warning C4244: 'argument': conversion from 'int' to 'float', possible loss of data
C:\Users\SAI DO MEU PC PEXTE\Desktop\GAME OF THE YEAR\GAME OF THE YEAR\historylvl2.cpp(1517,60): warning C4244: 'argument': conversion from 'int' to 'float', possible loss of data
C:\Users\SAI DO MEU PC PEXTE\Desktop\GAME OF THE YEAR\GAME OF THE YEAR\historylvl2.cpp(1517,55): warning C4244: 'argument': conversion from 'int' to 'float', possible loss of data
C:\Users\SAI DO MEU PC PEXTE\Desktop\GAME OF THE YEAR\GAME OF THE YEAR\historylvl2.cpp(1517,49): warning C4244: 'argument': conversion from 'int' to 'float', possible loss of data
C:\Users\SAI DO MEU PC PEXTE\Desktop\GAME OF THE YEAR\GAME OF THE YEAR\historylvl2.cpp(1518,67): warning C4244: 'argument': conversion from 'int' to 'float', possible loss of data
C:\Users\SAI DO MEU PC PEXTE\Desktop\GAME OF THE YEAR\GAME OF THE YEAR\historylvl2.cpp(1518,60): warning C4244: 'argument': conversion from 'int' to 'float', possible loss of data
C:\Users\SAI DO MEU PC PEXTE\Desktop\GAME OF THE YEAR\GAME OF THE YEAR\historylvl2.cpp(1518,55): warning C4244: 'argument': conversion from 'int' to 'float', possible loss of data
C:\Users\SAI DO MEU PC PEXTE\Desktop\GAME OF THE YEAR\GAME OF THE YEAR\historylvl2.cpp(1518,49): warning C4244: 'argument': conversion from 'int' to 'float', possible loss of data
C:\Users\SAI DO MEU PC PEXTE\Desktop\GAME OF THE YEAR\GAME OF THE YEAR\historylvl2.cpp(1519,67): warning C4244: 'argument': conversion from 'int' to 'float', possible loss of data
C:\Users\SAI DO MEU PC PEXTE\Desktop\GAME OF THE YEAR\GAME OF THE YEAR\historylvl2.cpp(1519,60): warning C4244: 'argument': conversion from 'int' to 'float', possible loss of data
C:\Users\SAI DO MEU PC PEXTE\Desktop\GAME OF THE YEAR\GAME OF THE YEAR\historylvl2.cpp(1519,55): warning C4244: 'argument': conversion from 'int' to 'float', possible loss of data
C:\Users\SAI DO MEU PC PEXTE\Desktop\GAME OF THE YEAR\GAME OF THE YEAR\historylvl2.cpp(1519,49): warning C4244: 'argument': conversion from 'int' to 'float', possible loss of data
C:\Users\SAI DO MEU PC PEXTE\Desktop\GAME OF THE YEAR\GAME OF THE YEAR\historylvl2.cpp(1520,67): warning C4244: 'argument': conversion from 'int' to 'float', possible loss of data
C:\Users\SAI DO MEU PC PEXTE\Desktop\GAME OF THE YEAR\GAME OF THE YEAR\historylvl2.cpp(1520,60): warning C4244: 'argument': conversion from 'int' to 'float', possible loss of data
C:\Users\SAI DO MEU PC PEXTE\Desktop\GAME OF THE YEAR\GAME OF THE YEAR\historylvl2.cpp(1520,55): warning C4244: 'argument': conversion from 'int' to 'float', possible loss of data
C:\Users\SAI DO MEU PC PEXTE\Desktop\GAME OF THE YEAR\GAME OF THE YEAR\historylvl2.cpp(1520,49): warning C4244: 'argument': conversion from 'int' to 'float', possible loss of data
C:\Users\SAI DO MEU PC PEXTE\Desktop\GAME OF THE YEAR\GAME OF THE YEAR\historylvl2.cpp(1523,44): warning C4244: 'argument': conversion from 'int' to 'float', possible loss of data
C:\Users\SAI DO MEU PC PEXTE\Desktop\GAME OF THE YEAR\GAME OF THE YEAR\historylvl2.cpp(1523,24): warning C4244: 'argument': conversion from 'int' to 'float', possible loss of data
C:\Users\SAI DO MEU PC PEXTE\Desktop\GAME OF THE YEAR\GAME OF THE YEAR\historylvl2.cpp(1524,55): warning C4244: 'argument': conversion from 'int' to 'float', possible loss of data
C:\Users\SAI DO MEU PC PEXTE\Desktop\GAME OF THE YEAR\GAME OF THE YEAR\historylvl2.cpp(1524,33): warning C4244: 'argument': conversion from 'int' to 'float', possible loss of data
C:\Users\SAI DO MEU PC PEXTE\Desktop\GAME OF THE YEAR\GAME OF THE YEAR\historylvl2.cpp(1525,75): warning C4244: 'argument': conversion from 'int' to 'float', possible loss of data
C:\Users\SAI DO MEU PC PEXTE\Desktop\GAME OF THE YEAR\GAME OF THE YEAR\historylvl2.cpp(1525,55): warning C4244: 'argument': conversion from 'int' to 'float', possible loss of data
C:\Users\SAI DO MEU PC PEXTE\Desktop\GAME OF THE YEAR\GAME OF THE YEAR\historylvl2.cpp(1526,87): warning C4244: 'argument': conversion from 'int' to 'float', possible loss of data
C:\Users\SAI DO MEU PC PEXTE\Desktop\GAME OF THE YEAR\GAME OF THE YEAR\historylvl2.cpp(1526,54): warning C4244: 'argument': conversion from 'int' to 'float', possible loss of data
C:\Users\SAI DO MEU PC PEXTE\Desktop\GAME OF THE YEAR\GAME OF THE YEAR\historylvl2.cpp(1527,49): warning C4244: 'argument': conversion from 'int' to 'float', possible loss of data
C:\Users\SAI DO MEU PC PEXTE\Desktop\GAME OF THE YEAR\GAME OF THE YEAR\historylvl2.cpp(1527,28): warning C4244: 'argument': conversion from 'int' to 'float', possible loss of data
C:\Users\SAI DO MEU PC PEXTE\Desktop\GAME OF THE YEAR\GAME OF THE YEAR\historylvl2.cpp(1528,59): warning C4244: 'argument': conversion from 'int' to 'float', possible loss of data
C:\Users\SAI DO MEU PC PEXTE\Desktop\GAME OF THE YEAR\GAME OF THE YEAR\historylvl2.cpp(1528,36): warning C4244: 'argument': conversion from 'int' to 'float', possible loss of data
C:\Users\SAI DO MEU PC PEXTE\Desktop\GAME OF THE YEAR\GAME OF THE YEAR\historylvl2.cpp(1542,77): warning C4244: 'argument': conversion from 'int' to 'float', possible loss of data
C:\Users\SAI DO MEU PC PEXTE\Desktop\GAME OF THE YEAR\GAME OF THE YEAR\historylvl2.cpp(1542,73): warning C4244: 'argument': conversion from 'int' to 'float', possible loss of data
C:\Users\SAI DO MEU PC PEXTE\Desktop\GAME OF THE YEAR\GAME OF THE YEAR\historylvl2.cpp(1542,70): warning C4244: 'argument': conversion from 'int' to 'float', possible loss of data
C:\Users\SAI DO MEU PC PEXTE\Desktop\GAME OF THE YEAR\GAME OF THE YEAR\historylvl2.cpp(1542,67): warning C4244: 'argument': conversion from 'int' to 'float', possible loss of data
C:\Users\SAI DO MEU PC PEXTE\Desktop\GAME OF THE YEAR\GAME OF THE YEAR\historylvl2.cpp(1543,77): warning C4244: 'argument': conversion from 'int' to 'float', possible loss of data
C:\Users\SAI DO MEU PC PEXTE\Desktop\GAME OF THE YEAR\GAME OF THE YEAR\historylvl2.cpp(1543,73): warning C4244: 'argument': conversion from 'int' to 'float', possible loss of data
C:\Users\SAI DO MEU PC PEXTE\Desktop\GAME OF THE YEAR\GAME OF THE YEAR\historylvl2.cpp(1543,70): warning C4244: 'argument': conversion from 'int' to 'float', possible loss of data
C:\Users\SAI DO MEU PC PEXTE\Desktop\GAME OF THE YEAR\GAME OF THE YEAR\historylvl2.cpp(1543,67): warning C4244: 'argument': conversion from 'int' to 'float', possible loss of data
C:\Users\SAI DO MEU PC PEXTE\Desktop\GAME OF THE YEAR\GAME OF THE YEAR\historylvl2.cpp(1544,77): warning C4244: 'argument': conversion from 'int' to 'float', possible loss of data
C:\Users\SAI DO MEU PC PEXTE\Desktop\GAME OF THE YEAR\GAME OF THE YEAR\historylvl2.cpp(1544,73): warning C4244: 'argument': conversion from 'int' to 'float', possible loss of data
C:\Users\SAI DO MEU PC PEXTE\Desktop\GAME OF THE YEAR\GAME OF THE YEAR\historylvl2.cpp(1544,70): warning C4244: 'argument': conversion from 'int' to 'float', possible loss of data
C:\Users\SAI DO MEU PC PEXTE\Desktop\GAME OF THE YEAR\GAME OF THE YEAR\historylvl2.cpp(1544,67): warning C4244: 'argument': conversion from 'int' to 'float', possible loss of data
C:\Users\SAI DO MEU PC PEXTE\Desktop\GAME OF THE YEAR\GAME OF THE YEAR\historylvl2.cpp(1545,77): warning C4244: 'argument': conversion from 'int' to 'float', possible loss of data
C:\Users\SAI DO MEU PC PEXTE\Desktop\GAME OF THE YEAR\GAME OF THE YEAR\historylvl2.cpp(1545,73): warning C4244: 'argument': conversion from 'int' to 'float', possible loss of data
C:\Users\SAI DO MEU PC PEXTE\Desktop\GAME OF THE YEAR\GAME OF THE YEAR\historylvl2.cpp(1545,70): warning C4244: 'argument': conversion from 'int' to 'float', possible loss of data
C:\Users\SAI DO MEU PC PEXTE\Desktop\GAME OF THE YEAR\GAME OF THE YEAR\historylvl2.cpp(1545,67): warning C4244: 'argument': conversion from 'int' to 'float', possible loss of data
C:\Users\SAI DO MEU PC PEXTE\Desktop\GAME OF THE YEAR\GAME OF THE YEAR\historylvl2.cpp(1546,77): warning C4244: 'argument': conversion from 'int' to 'float', possible loss of data
C:\Users\SAI DO MEU PC PEXTE\Desktop\GAME OF THE YEAR\GAME OF THE YEAR\historylvl2.cpp(1546,73): warning C4244: 'argument': conversion from 'int' to 'float', possible loss of data
C:\Users\SAI DO MEU PC PEXTE\Desktop\GAME OF THE YEAR\GAME OF THE YEAR\historylvl2.cpp(1546,70): warning C4244: 'argument': conversion from 'int' to 'float', possible loss of data
C:\Users\SAI DO MEU PC PEXTE\Desktop\GAME OF THE YEAR\GAME OF THE YEAR\historylvl2.cpp(1546,67): warning C4244: 'argument': conversion from 'int' to 'float', possible loss of data
C:\Users\SAI DO MEU PC PEXTE\Desktop\GAME OF THE YEAR\GAME OF THE YEAR\historylvl2.cpp(1547,77): warning C4244: 'argument': conversion from 'int' to 'float', possible loss of data
C:\Users\SAI DO MEU PC PEXTE\Desktop\GAME OF THE YEAR\GAME OF THE YEAR\historylvl2.cpp(1547,73): warning C4244: 'argument': conversion from 'int' to 'float', possible loss of data
C:\Users\SAI DO MEU PC PEXTE\Desktop\GAME OF THE YEAR\GAME OF THE YEAR\historylvl2.cpp(1547,70): warning C4244: 'argument': conversion from 'int' to 'float', possible loss of data
C:\Users\SAI DO MEU PC PEXTE\Desktop\GAME OF THE YEAR\GAME OF THE YEAR\historylvl2.cpp(1547,67): warning C4244: 'argument': conversion from 'int' to 'float', possible loss of data
C:\Users\SAI DO MEU PC PEXTE\Desktop\GAME OF THE YEAR\GAME OF THE YEAR\historylvl2.cpp(1548,77): warning C4244: 'argument': conversion from 'int' to 'float', possible loss of data
C:\Users\SAI DO MEU PC PEXTE\Desktop\GAME OF THE YEAR\GAME OF THE YEAR\historylvl2.cpp(1548,73): warning C4244: 'argument': conversion from 'int' to 'float', possible loss of data
C:\Users\SAI DO MEU PC PEXTE\Desktop\GAME OF THE YEAR\GAME OF THE YEAR\historylvl2.cpp(1548,70): warning C4244: 'argument': conversion from 'int' to 'float', possible loss of data
C:\Users\SAI DO MEU PC PEXTE\Desktop\GAME OF THE YEAR\GAME OF THE YEAR\historylvl2.cpp(1548,67): warning C4244: 'argument': conversion from 'int' to 'float', possible loss of data
C:\Users\SAI DO MEU PC PEXTE\Desktop\GAME OF THE YEAR\GAME OF THE YEAR\historylvl2.cpp(1549,77): warning C4244: 'argument': conversion from 'int' to 'float', possible loss of data
C:\Users\SAI DO MEU PC PEXTE\Desktop\GAME OF THE YEAR\GAME OF THE YEAR\historylvl2.cpp(1549,73): warning C4244: 'argument': conversion from 'int' to 'float', possible loss of data
C:\Users\SAI DO MEU PC PEXTE\Desktop\GAME OF THE YEAR\GAME OF THE YEAR\historylvl2.cpp(1549,70): warning C4244: 'argument': conversion from 'int' to 'float', possible loss of data
C:\Users\SAI DO MEU PC PEXTE\Desktop\GAME OF THE YEAR\GAME OF THE YEAR\historylvl2.cpp(1549,67): warning C4244: 'argument': conversion from 'int' to 'float', possible loss of data
C:\Users\SAI DO MEU PC PEXTE\Desktop\GAME OF THE YEAR\GAME OF THE YEAR\historylvl2.cpp(1550,77): warning C4244: 'argument': conversion from 'int' to 'float', possible loss of data
C:\Users\SAI DO MEU PC PEXTE\Desktop\GAME OF THE YEAR\GAME OF THE YEAR\historylvl2.cpp(1550,73): warning C4244: 'argument': conversion from 'int' to 'float', possible loss of data
C:\Users\SAI DO MEU PC PEXTE\Desktop\GAME OF THE YEAR\GAME OF THE YEAR\historylvl2.cpp(1550,70): warning C4244: 'argument': conversion from 'int' to 'float', possible loss of data
C:\Users\SAI DO MEU PC PEXTE\Desktop\GAME OF THE YEAR\GAME OF THE YEAR\historylvl2.cpp(1550,67): warning C4244: 'argument': conversion from 'int' to 'float', possible loss of data
C:\Users\SAI DO MEU PC PEXTE\Desktop\GAME OF THE YEAR\GAME OF THE YEAR\historylvl2.cpp(1551,79): warning C4244: 'argument': conversion from 'int' to 'float', possible loss of data
C:\Users\SAI DO MEU PC PEXTE\Desktop\GAME OF THE YEAR\GAME OF THE YEAR\historylvl2.cpp(1551,75): warning C4244: 'argument': conversion from 'int' to 'float', possible loss of data
C:\Users\SAI DO MEU PC PEXTE\Desktop\GAME OF THE YEAR\GAME OF THE YEAR\historylvl2.cpp(1551,72): warning C4244: 'argument': conversion from 'int' to 'float', possible loss of data
C:\Users\SAI DO MEU PC PEXTE\Desktop\GAME OF THE YEAR\GAME OF THE YEAR\historylvl2.cpp(1551,69): warning C4244: 'argument': conversion from 'int' to 'float', possible loss of data
C:\Users\SAI DO MEU PC PEXTE\Desktop\GAME OF THE YEAR\GAME OF THE YEAR\historylvl2.cpp(1552,79): warning C4244: 'argument': conversion from 'int' to 'float', possible loss of data
C:\Users\SAI DO MEU PC PEXTE\Desktop\GAME OF THE YEAR\GAME OF THE YEAR\historylvl2.cpp(1552,75): warning C4244: 'argument': conversion from 'int' to 'float', possible loss of data
C:\Users\SAI DO MEU PC PEXTE\Desktop\GAME OF THE YEAR\GAME OF THE YEAR\historylvl2.cpp(1552,72): warning C4244: 'argument': conversion from 'int' to 'float', possible loss of data
C:\Users\SAI DO MEU PC PEXTE\Desktop\GAME OF THE YEAR\GAME OF THE YEAR\historylvl2.cpp(1552,69): warning C4244: 'argument': conversion from 'int' to 'float', possible loss of data
C:\Users\SAI DO MEU PC PEXTE\Desktop\GAME OF THE YEAR\GAME OF THE YEAR\historylvl2.cpp(1553,79): warning C4244: 'argument': conversion from 'int' to 'float', possible loss of data
C:\Users\SAI DO MEU PC PEXTE\Desktop\GAME OF THE YEAR\GAME OF THE YEAR\historylvl2.cpp(1553,75): warning C4244: 'argument': conversion from 'int' to 'float', possible loss of data
C:\Users\SAI DO MEU PC PEXTE\Desktop\GAME OF THE YEAR\GAME OF THE YEAR\historylvl2.cpp(1553,72): warning C4244: 'argument': conversion from 'int' to 'float', possible loss of data
C:\Users\SAI DO MEU PC PEXTE\Desktop\GAME OF THE YEAR\GAME OF THE YEAR\historylvl2.cpp(1553,69): warning C4244: 'argument': conversion from 'int' to 'float', possible loss of data
C:\Users\SAI DO MEU PC PEXTE\Desktop\GAME OF THE YEAR\GAME OF THE YEAR\historylvl2.cpp(1554,79): warning C4244: 'argument': conversion from 'int' to 'float', possible loss of data
C:\Users\SAI DO MEU PC PEXTE\Desktop\GAME OF THE YEAR\GAME OF THE YEAR\historylvl2.cpp(1554,75): warning C4244: 'argument': conversion from 'int' to 'float', possible loss of data
C:\Users\SAI DO MEU PC PEXTE\Desktop\GAME OF THE YEAR\GAME OF THE YEAR\historylvl2.cpp(1554,72): warning C4244: 'argument': conversion from 'int' to 'float', possible loss of data
C:\Users\SAI DO MEU PC PEXTE\Desktop\GAME OF THE YEAR\GAME OF THE YEAR\historylvl2.cpp(1554,69): warning C4244: 'argument': conversion from 'int' to 'float', possible loss of data
C:\Users\SAI DO MEU PC PEXTE\Desktop\GAME OF THE YEAR\GAME OF THE YEAR\historylvl2.cpp(1555,79): warning C4244: 'argument': conversion from 'int' to 'float', possible loss of data
C:\Users\SAI DO MEU PC PEXTE\Desktop\GAME OF THE YEAR\GAME OF THE YEAR\historylvl2.cpp(1555,75): warning C4244: 'argument': conversion from 'int' to 'float', possible loss of data
C:\Users\SAI DO MEU PC PEXTE\Desktop\GAME OF THE YEAR\GAME OF THE YEAR\historylvl2.cpp(1555,72): warning C4244: 'argument': conversion from 'int' to 'float', possible loss of data
C:\Users\SAI DO MEU PC PEXTE\Desktop\GAME OF THE YEAR\GAME OF THE YEAR\historylvl2.cpp(1555,69): warning C4244: 'argument': conversion from 'int' to 'float', possible loss of data
C:\Users\SAI DO MEU PC PEXTE\Desktop\GAME OF THE YEAR\GAME OF THE YEAR\historylvl2.cpp(1557,107): warning C4244: 'argument': conversion from 'int' to 'float', possible loss of data
C:\Users\SAI DO MEU PC PEXTE\Desktop\GAME OF THE YEAR\GAME OF THE YEAR\historylvl2.cpp(1557,103): warning C4244: 'argument': conversion from 'int' to 'float', possible loss of data
C:\Users\SAI DO MEU PC PEXTE\Desktop\GAME OF THE YEAR\GAME OF THE YEAR\historylvl2.cpp(1557,100): warning C4244: 'argument': conversion from 'int' to 'float', possible loss of data
C:\Users\SAI DO MEU PC PEXTE\Desktop\GAME OF THE YEAR\GAME OF THE YEAR\historylvl2.cpp(1557,97): warning C4244: 'argument': conversion from 'int' to 'float', possible loss of data
C:\Users\SAI DO MEU PC PEXTE\Desktop\GAME OF THE YEAR\GAME OF THE YEAR\historylvl2.cpp(1558,127): warning C4244: 'argument': conversion from 'int' to 'float', possible loss of data
C:\Users\SAI DO MEU PC PEXTE\Desktop\GAME OF THE YEAR\GAME OF THE YEAR\historylvl2.cpp(1558,123): warning C4244: 'argument': conversion from 'int' to 'float', possible loss of data
C:\Users\SAI DO MEU PC PEXTE\Desktop\GAME OF THE YEAR\GAME OF THE YEAR\historylvl2.cpp(1558,120): warning C4244: 'argument': conversion from 'int' to 'float', possible loss of data
C:\Users\SAI DO MEU PC PEXTE\Desktop\GAME OF THE YEAR\GAME OF THE YEAR\historylvl2.cpp(1558,117): warning C4244: 'argument': conversion from 'int' to 'float', possible loss of data
  intro.cpp
  Main.cpp
  spritesheet.cpp
  day.cpp
C:\Users\SAI DO MEU PC PEXTE\Desktop\GAME OF THE YEAR\GAME OF THE YEAR\day.cpp(84,30): warning C4244: 'argument': conversion from 'int' to 'float', possible loss of data
C:\Users\SAI DO MEU PC PEXTE\Desktop\GAME OF THE YEAR\GAME OF THE YEAR\day.cpp(84,21): warning C4244: 'argument': conversion from 'int' to 'float', possible loss of data
C:\Users\SAI DO MEU PC PEXTE\Desktop\GAME OF THE YEAR\GAME OF THE YEAR\day.cpp(86,33): warning C4244: 'argument': conversion from 'int' to 'float', possible loss of data
  squares_for_fight_selection.cpp
  WinLoss_screen.cpp
C:\Users\SAI DO MEU PC PEXTE\Desktop\GAME OF THE YEAR\GAME OF THE YEAR\WinLoss_screen.cpp(218,20): warning C4244: '=': conversion from 'double' to 'float', possible loss of data
  Generating Code...
C:\Users\SAI DO MEU PC PEXTE\Desktop\GAME OF THE YEAR\GAME OF THE YEAR\Main.cpp(312): warning C4715: 'WindowProc': not all control paths return a value
C:\Users\SAI DO MEU PC PEXTE\Desktop\GAME OF THE YEAR\GAME OF THE YEAR\gamecontroller.cpp(30): warning C4715: 'Gamecontroller::Update': not all control paths return a value
C:\Users\SAI DO MEU PC PEXTE\Desktop\GAME OF THE YEAR\GAME OF THE YEAR\Fighters.cpp(134): warning C4715: 'Fighters::get_loss': not all control paths return a value
C:\Users\SAI DO MEU PC PEXTE\Desktop\GAME OF THE YEAR\GAME OF THE YEAR\Fighters.cpp(123): warning C4715: 'Fighters::get_win': not all control paths return a value
  GAME OF THE YEAR.vcxproj -> C:\Users\SAI DO MEU PC PEXTE\Desktop\GAME OF THE YEAR\x64\Debug\GAME OF THE YEAR.exe
